{
  "C:\\CODE2023\\rsschool-react2023q4-course\\src\\App.tsx": {
    "path": "C:\\CODE2023\\rsschool-react2023q4-course\\src\\App.tsx",
    "all": true,
    "statementMap": {
      "0": {
        "start": { "line": 1, "column": 0 },
        "end": { "line": 1, "column": 49 }
      },
      "1": {
        "start": { "line": 2, "column": 0 },
        "end": { "line": 2, "column": 49 }
      },
      "2": {
        "start": { "line": 3, "column": 0 },
        "end": { "line": 3, "column": 51 }
      },
      "3": {
        "start": { "line": 4, "column": 0 },
        "end": { "line": 4, "column": 38 }
      },
      "4": {
        "start": { "line": 5, "column": 0 },
        "end": { "line": 5, "column": 19 }
      },
      "5": {
        "start": { "line": 6, "column": 0 },
        "end": { "line": 6, "column": 31 }
      },
      "6": {
        "start": { "line": 7, "column": 0 },
        "end": { "line": 7, "column": 10 }
      },
      "7": {
        "start": { "line": 8, "column": 0 },
        "end": { "line": 8, "column": 6 }
      },
      "8": {
        "start": { "line": 9, "column": 0 },
        "end": { "line": 9, "column": 14 }
      },
      "9": {
        "start": { "line": 10, "column": 0 },
        "end": { "line": 10, "column": 74 }
      },
      "10": {
        "start": { "line": 11, "column": 0 },
        "end": { "line": 11, "column": 60 }
      },
      "11": {
        "start": { "line": 12, "column": 0 },
        "end": { "line": 12, "column": 16 }
      },
      "12": {
        "start": { "line": 13, "column": 0 },
        "end": { "line": 13, "column": 48 }
      },
      "13": {
        "start": { "line": 14, "column": 0 },
        "end": { "line": 14, "column": 15 }
      },
      "14": {
        "start": { "line": 15, "column": 0 },
        "end": { "line": 15, "column": 7 }
      },
      "15": {
        "start": { "line": 16, "column": 0 },
        "end": { "line": 16, "column": 4 }
      },
      "16": {
        "start": { "line": 17, "column": 0 },
        "end": { "line": 17, "column": 1 }
      }
    },
    "s": {
      "0": 0,
      "1": 0,
      "2": 0,
      "3": 0,
      "4": 0,
      "5": 0,
      "6": 0,
      "7": 0,
      "8": 0,
      "9": 0,
      "10": 0,
      "11": 0,
      "12": 0,
      "13": 0,
      "14": 0,
      "15": 0,
      "16": 0
    },
    "branchMap": {
      "0": {
        "type": "branch",
        "line": 1,
        "loc": {
          "start": { "line": 1, "column": 0 },
          "end": { "line": 17, "column": 1 }
        },
        "locations": [
          {
            "start": { "line": 1, "column": 0 },
            "end": { "line": 17, "column": 1 }
          }
        ]
      }
    },
    "b": { "0": [0] },
    "fnMap": {
      "0": {
        "name": "(empty-report)",
        "decl": {
          "start": { "line": 1, "column": 0 },
          "end": { "line": 17, "column": 1 }
        },
        "loc": {
          "start": { "line": 1, "column": 0 },
          "end": { "line": 17, "column": 1 }
        },
        "line": 1
      }
    },
    "f": { "0": 0 }
  },
  "C:\\CODE2023\\rsschool-react2023q4-course\\src\\AppR.tsx": {
    "path": "C:\\CODE2023\\rsschool-react2023q4-course\\src\\AppR.tsx",
    "all": true,
    "statementMap": {
      "0": {
        "start": { "line": 1, "column": 0 },
        "end": { "line": 1, "column": 49 }
      },
      "1": {
        "start": { "line": 2, "column": 0 },
        "end": { "line": 2, "column": 50 }
      },
      "2": {
        "start": { "line": 3, "column": 0 },
        "end": { "line": 3, "column": 51 }
      },
      "3": {
        "start": { "line": 4, "column": 0 },
        "end": { "line": 4, "column": 38 }
      },
      "4": {
        "start": { "line": 5, "column": 0 },
        "end": { "line": 5, "column": 19 }
      },
      "5": {
        "start": { "line": 6, "column": 0 },
        "end": { "line": 6, "column": 31 }
      },
      "6": {
        "start": { "line": 7, "column": 0 },
        "end": { "line": 7, "column": 10 }
      },
      "7": {
        "start": { "line": 8, "column": 0 },
        "end": { "line": 8, "column": 6 }
      },
      "8": {
        "start": { "line": 9, "column": 0 },
        "end": { "line": 9, "column": 14 }
      },
      "9": {
        "start": { "line": 10, "column": 0 },
        "end": { "line": 10, "column": 75 }
      },
      "10": {
        "start": { "line": 11, "column": 0 },
        "end": { "line": 11, "column": 60 }
      },
      "11": {
        "start": { "line": 12, "column": 0 },
        "end": { "line": 12, "column": 16 }
      },
      "12": {
        "start": { "line": 13, "column": 0 },
        "end": { "line": 13, "column": 48 }
      },
      "13": {
        "start": { "line": 14, "column": 0 },
        "end": { "line": 14, "column": 15 }
      },
      "14": {
        "start": { "line": 15, "column": 0 },
        "end": { "line": 15, "column": 7 }
      },
      "15": {
        "start": { "line": 16, "column": 0 },
        "end": { "line": 16, "column": 4 }
      },
      "16": {
        "start": { "line": 17, "column": 0 },
        "end": { "line": 17, "column": 1 }
      }
    },
    "s": {
      "0": 0,
      "1": 0,
      "2": 0,
      "3": 0,
      "4": 0,
      "5": 0,
      "6": 0,
      "7": 0,
      "8": 0,
      "9": 0,
      "10": 0,
      "11": 0,
      "12": 0,
      "13": 0,
      "14": 0,
      "15": 0,
      "16": 0
    },
    "branchMap": {
      "0": {
        "type": "branch",
        "line": 1,
        "loc": {
          "start": { "line": 1, "column": 0 },
          "end": { "line": 17, "column": 1 }
        },
        "locations": [
          {
            "start": { "line": 1, "column": 0 },
            "end": { "line": 17, "column": 1 }
          }
        ]
      }
    },
    "b": { "0": [0] },
    "fnMap": {
      "0": {
        "name": "(empty-report)",
        "decl": {
          "start": { "line": 1, "column": 0 },
          "end": { "line": 17, "column": 1 }
        },
        "loc": {
          "start": { "line": 1, "column": 0 },
          "end": { "line": 17, "column": 1 }
        },
        "line": 1
      }
    },
    "f": { "0": 0 }
  },
  "C:\\CODE2023\\rsschool-react2023q4-course\\src\\main.tsx": {
    "path": "C:\\CODE2023\\rsschool-react2023q4-course\\src\\main.tsx",
    "all": true,
    "statementMap": {
      "0": {
        "start": { "line": 1, "column": 0 },
        "end": { "line": 1, "column": 26 }
      },
      "1": {
        "start": { "line": 2, "column": 0 },
        "end": { "line": 2, "column": 40 }
      },
      "2": {
        "start": { "line": 3, "column": 0 },
        "end": { "line": 3, "column": 49 }
      },
      "3": {
        "start": { "line": 4, "column": 0 },
        "end": { "line": 4, "column": 74 }
      },
      "4": {
        "start": { "line": 5, "column": 0 },
        "end": { "line": 5, "column": 31 }
      },
      "5": {
        "start": { "line": 6, "column": 0 },
        "end": { "line": 6, "column": 29 }
      },
      "6": {
        "start": { "line": 7, "column": 0 },
        "end": { "line": 7, "column": 21 }
      },
      "7": {
        "start": { "line": 8, "column": 0 },
        "end": { "line": 8, "column": 0 }
      },
      "8": {
        "start": { "line": 9, "column": 0 },
        "end": { "line": 9, "column": 61 }
      },
      "9": {
        "start": { "line": 10, "column": 0 },
        "end": { "line": 10, "column": 20 }
      },
      "10": {
        "start": { "line": 11, "column": 0 },
        "end": { "line": 11, "column": 19 }
      },
      "11": {
        "start": { "line": 12, "column": 0 },
        "end": { "line": 12, "column": 21 }
      },
      "12": {
        "start": { "line": 13, "column": 0 },
        "end": { "line": 13, "column": 15 }
      },
      "13": {
        "start": { "line": 14, "column": 0 },
        "end": { "line": 14, "column": 22 }
      },
      "14": {
        "start": { "line": 15, "column": 0 },
        "end": { "line": 15, "column": 20 }
      },
      "15": {
        "start": { "line": 16, "column": 0 },
        "end": { "line": 16, "column": 22 }
      },
      "16": {
        "start": { "line": 17, "column": 0 },
        "end": { "line": 17, "column": 2 }
      }
    },
    "s": {
      "0": 0,
      "1": 0,
      "2": 0,
      "3": 0,
      "4": 0,
      "5": 0,
      "6": 0,
      "7": 0,
      "8": 0,
      "9": 0,
      "10": 0,
      "11": 0,
      "12": 0,
      "13": 0,
      "14": 0,
      "15": 0,
      "16": 0
    },
    "branchMap": {
      "0": {
        "type": "branch",
        "line": 1,
        "loc": {
          "start": { "line": 1, "column": 0 },
          "end": { "line": 17, "column": 2 }
        },
        "locations": [
          {
            "start": { "line": 1, "column": 0 },
            "end": { "line": 17, "column": 2 }
          }
        ]
      }
    },
    "b": { "0": [0] },
    "fnMap": {
      "0": {
        "name": "(empty-report)",
        "decl": {
          "start": { "line": 1, "column": 0 },
          "end": { "line": 17, "column": 2 }
        },
        "loc": {
          "start": { "line": 1, "column": 0 },
          "end": { "line": 17, "column": 2 }
        },
        "line": 1
      }
    },
    "f": { "0": 0 }
  },
  "C:\\CODE2023\\rsschool-react2023q4-course\\src\\vite-env.d.ts": {
    "path": "C:\\CODE2023\\rsschool-react2023q4-course\\src\\vite-env.d.ts",
    "all": true,
    "statementMap": {
      "0": {
        "start": { "line": 1, "column": 0 },
        "end": { "line": 1, "column": 37 }
      }
    },
    "s": { "0": 0 },
    "branchMap": {
      "0": {
        "type": "branch",
        "line": 1,
        "loc": {
          "start": { "line": 1, "column": 0 },
          "end": { "line": 1, "column": 37 }
        },
        "locations": [
          {
            "start": { "line": 1, "column": 0 },
            "end": { "line": 1, "column": 37 }
          }
        ]
      }
    },
    "b": { "0": [0] },
    "fnMap": {
      "0": {
        "name": "(empty-report)",
        "decl": {
          "start": { "line": 1, "column": 0 },
          "end": { "line": 1, "column": 37 }
        },
        "loc": {
          "start": { "line": 1, "column": 0 },
          "end": { "line": 1, "column": 37 }
        },
        "line": 1
      }
    },
    "f": { "0": 0 }
  },
  "C:\\CODE2023\\rsschool-react2023q4-course\\src\\components\\card\\Card.tsx": {
    "path": "C:\\CODE2023\\rsschool-react2023q4-course\\src\\components\\card\\Card.tsx",
    "all": false,
    "statementMap": {
      "0": {
        "start": { "line": 1, "column": 0 },
        "end": { "line": 1, "column": 20 }
      },
      "1": {
        "start": { "line": 2, "column": 0 },
        "end": { "line": 2, "column": 0 }
      },
      "2": {
        "start": { "line": 3, "column": 0 },
        "end": { "line": 3, "column": 18 }
      },
      "3": {
        "start": { "line": 4, "column": 0 },
        "end": { "line": 4, "column": 14 }
      },
      "4": {
        "start": { "line": 5, "column": 0 },
        "end": { "line": 5, "column": 17 }
      },
      "5": {
        "start": { "line": 6, "column": 0 },
        "end": { "line": 6, "column": 2 }
      },
      "6": {
        "start": { "line": 7, "column": 0 },
        "end": { "line": 7, "column": 0 }
      },
      "7": {
        "start": { "line": 8, "column": 0 },
        "end": { "line": 8, "column": 48 }
      },
      "8": {
        "start": { "line": 9, "column": 0 },
        "end": { "line": 9, "column": 10 }
      },
      "9": {
        "start": { "line": 10, "column": 0 },
        "end": { "line": 10, "column": 6 }
      },
      "10": {
        "start": { "line": 11, "column": 0 },
        "end": { "line": 11, "column": 33 }
      },
      "11": {
        "start": { "line": 12, "column": 0 },
        "end": { "line": 12, "column": 70 }
      },
      "12": {
        "start": { "line": 13, "column": 0 },
        "end": { "line": 13, "column": 12 }
      },
      "13": {
        "start": { "line": 14, "column": 0 },
        "end": { "line": 14, "column": 34 }
      },
      "14": {
        "start": { "line": 15, "column": 0 },
        "end": { "line": 15, "column": 56 }
      },
      "15": {
        "start": { "line": 16, "column": 0 },
        "end": { "line": 16, "column": 12 }
      },
      "16": {
        "start": { "line": 17, "column": 0 },
        "end": { "line": 17, "column": 7 }
      },
      "17": {
        "start": { "line": 18, "column": 0 },
        "end": { "line": 18, "column": 4 }
      },
      "18": {
        "start": { "line": 19, "column": 0 },
        "end": { "line": 19, "column": 1 }
      }
    },
    "s": {
      "0": 1,
      "1": 1,
      "2": 1,
      "3": 1,
      "4": 1,
      "5": 1,
      "6": 1,
      "7": 1,
      "8": 1,
      "9": 1,
      "10": 1,
      "11": 1,
      "12": 1,
      "13": 1,
      "14": 1,
      "15": 1,
      "16": 1,
      "17": 1,
      "18": 1
    },
    "branchMap": {
      "0": {
        "type": "branch",
        "line": 8,
        "loc": {
          "start": { "line": 8, "column": 0 },
          "end": { "line": 19, "column": 1 }
        },
        "locations": [
          {
            "start": { "line": 8, "column": 0 },
            "end": { "line": 19, "column": 1 }
          }
        ]
      }
    },
    "b": { "0": [1] },
    "fnMap": {
      "0": {
        "name": "Card",
        "decl": {
          "start": { "line": 8, "column": 0 },
          "end": { "line": 19, "column": 1 }
        },
        "loc": {
          "start": { "line": 8, "column": 0 },
          "end": { "line": 19, "column": 1 }
        },
        "line": 8
      }
    },
    "f": { "0": 1 }
  },
  "C:\\CODE2023\\rsschool-react2023q4-course\\src\\components\\details\\Details.tsx": {
    "path": "C:\\CODE2023\\rsschool-react2023q4-course\\src\\components\\details\\Details.tsx",
    "all": true,
    "statementMap": {
      "0": {
        "start": { "line": 1, "column": 0 },
        "end": { "line": 1, "column": 55 }
      },
      "1": {
        "start": { "line": 2, "column": 0 },
        "end": { "line": 2, "column": 45 }
      },
      "2": {
        "start": { "line": 3, "column": 0 },
        "end": { "line": 3, "column": 66 }
      },
      "3": {
        "start": { "line": 4, "column": 0 },
        "end": { "line": 4, "column": 66 }
      },
      "4": {
        "start": { "line": 5, "column": 0 },
        "end": { "line": 5, "column": 58 }
      },
      "5": {
        "start": { "line": 6, "column": 0 },
        "end": { "line": 6, "column": 23 }
      },
      "6": {
        "start": { "line": 7, "column": 0 },
        "end": { "line": 7, "column": 0 }
      },
      "7": {
        "start": { "line": 8, "column": 0 },
        "end": { "line": 8, "column": 35 }
      },
      "8": {
        "start": { "line": 9, "column": 0 },
        "end": { "line": 9, "column": 74 }
      },
      "9": {
        "start": { "line": 10, "column": 0 },
        "end": { "line": 10, "column": 33 }
      },
      "10": {
        "start": { "line": 11, "column": 0 },
        "end": { "line": 11, "column": 0 }
      },
      "11": {
        "start": { "line": 12, "column": 0 },
        "end": { "line": 12, "column": 72 }
      },
      "12": {
        "start": { "line": 13, "column": 0 },
        "end": { "line": 13, "column": 59 }
      },
      "13": {
        "start": { "line": 14, "column": 0 },
        "end": { "line": 14, "column": 0 }
      },
      "14": {
        "start": { "line": 15, "column": 0 },
        "end": { "line": 15, "column": 30 }
      },
      "15": {
        "start": { "line": 16, "column": 0 },
        "end": { "line": 16, "column": 36 }
      },
      "16": {
        "start": { "line": 17, "column": 0 },
        "end": { "line": 17, "column": 25 }
      },
      "17": {
        "start": { "line": 18, "column": 0 },
        "end": { "line": 18, "column": 4 }
      },
      "18": {
        "start": { "line": 19, "column": 0 },
        "end": { "line": 19, "column": 0 }
      },
      "19": {
        "start": { "line": 20, "column": 0 },
        "end": { "line": 20, "column": 16 }
      },
      "20": {
        "start": { "line": 21, "column": 0 },
        "end": { "line": 21, "column": 46 }
      },
      "21": {
        "start": { "line": 22, "column": 0 },
        "end": { "line": 22, "column": 3 }
      },
      "22": {
        "start": { "line": 23, "column": 0 },
        "end": { "line": 23, "column": 0 }
      },
      "23": {
        "start": { "line": 24, "column": 0 },
        "end": { "line": 24, "column": 10 }
      },
      "24": {
        "start": { "line": 25, "column": 0 },
        "end": { "line": 25, "column": 29 }
      },
      "25": {
        "start": { "line": 26, "column": 0 },
        "end": { "line": 26, "column": 20 }
      },
      "26": {
        "start": { "line": 27, "column": 0 },
        "end": { "line": 27, "column": 25 }
      },
      "27": {
        "start": { "line": 28, "column": 0 },
        "end": { "line": 28, "column": 26 }
      },
      "28": {
        "start": { "line": 29, "column": 0 },
        "end": { "line": 29, "column": 33 }
      },
      "29": {
        "start": { "line": 30, "column": 0 },
        "end": { "line": 30, "column": 37 }
      },
      "30": {
        "start": { "line": 31, "column": 0 },
        "end": { "line": 31, "column": 16 }
      },
      "31": {
        "start": { "line": 32, "column": 0 },
        "end": { "line": 32, "column": 29 }
      },
      "32": {
        "start": { "line": 33, "column": 0 },
        "end": { "line": 33, "column": 42 }
      },
      "33": {
        "start": { "line": 34, "column": 0 },
        "end": { "line": 34, "column": 45 }
      },
      "34": {
        "start": { "line": 35, "column": 0 },
        "end": { "line": 35, "column": 19 }
      },
      "35": {
        "start": { "line": 36, "column": 0 },
        "end": { "line": 36, "column": 16 }
      },
      "36": {
        "start": { "line": 37, "column": 0 },
        "end": { "line": 37, "column": 38 }
      },
      "37": {
        "start": { "line": 38, "column": 0 },
        "end": { "line": 38, "column": 53 }
      },
      "38": {
        "start": { "line": 39, "column": 0 },
        "end": { "line": 39, "column": 43 }
      },
      "39": {
        "start": { "line": 40, "column": 0 },
        "end": { "line": 40, "column": 16 }
      },
      "40": {
        "start": { "line": 41, "column": 0 },
        "end": { "line": 41, "column": 45 }
      },
      "41": {
        "start": { "line": 42, "column": 0 },
        "end": { "line": 42, "column": 61 }
      },
      "42": {
        "start": { "line": 43, "column": 0 },
        "end": { "line": 43, "column": 14 }
      },
      "43": {
        "start": { "line": 44, "column": 0 },
        "end": { "line": 44, "column": 65 }
      },
      "44": {
        "start": { "line": 45, "column": 0 },
        "end": { "line": 45, "column": 16 }
      },
      "45": {
        "start": { "line": 46, "column": 0 },
        "end": { "line": 46, "column": 66 }
      },
      "46": {
        "start": { "line": 47, "column": 0 },
        "end": { "line": 47, "column": 23 }
      },
      "47": {
        "start": { "line": 48, "column": 0 },
        "end": { "line": 48, "column": 19 }
      },
      "48": {
        "start": { "line": 49, "column": 0 },
        "end": { "line": 49, "column": 14 }
      },
      "49": {
        "start": { "line": 50, "column": 0 },
        "end": { "line": 50, "column": 11 }
      },
      "50": {
        "start": { "line": 51, "column": 0 },
        "end": { "line": 51, "column": 21 }
      },
      "51": {
        "start": { "line": 52, "column": 0 },
        "end": { "line": 52, "column": 8 }
      },
      "52": {
        "start": { "line": 53, "column": 0 },
        "end": { "line": 53, "column": 10 }
      },
      "53": {
        "start": { "line": 54, "column": 0 },
        "end": { "line": 54, "column": 4 }
      },
      "54": {
        "start": { "line": 55, "column": 0 },
        "end": { "line": 55, "column": 1 }
      }
    },
    "s": {
      "0": 0,
      "1": 0,
      "2": 0,
      "3": 0,
      "4": 0,
      "5": 0,
      "6": 0,
      "7": 0,
      "8": 0,
      "9": 0,
      "10": 0,
      "11": 0,
      "12": 0,
      "13": 0,
      "14": 0,
      "15": 0,
      "16": 0,
      "17": 0,
      "18": 0,
      "19": 0,
      "20": 0,
      "21": 0,
      "22": 0,
      "23": 0,
      "24": 0,
      "25": 0,
      "26": 0,
      "27": 0,
      "28": 0,
      "29": 0,
      "30": 0,
      "31": 0,
      "32": 0,
      "33": 0,
      "34": 0,
      "35": 0,
      "36": 0,
      "37": 0,
      "38": 0,
      "39": 0,
      "40": 0,
      "41": 0,
      "42": 0,
      "43": 0,
      "44": 0,
      "45": 0,
      "46": 0,
      "47": 0,
      "48": 0,
      "49": 0,
      "50": 0,
      "51": 0,
      "52": 0,
      "53": 0,
      "54": 0
    },
    "branchMap": {
      "0": {
        "type": "branch",
        "line": 1,
        "loc": {
          "start": { "line": 1, "column": 0 },
          "end": { "line": 55, "column": 1 }
        },
        "locations": [
          {
            "start": { "line": 1, "column": 0 },
            "end": { "line": 55, "column": 1 }
          }
        ]
      }
    },
    "b": { "0": [0] },
    "fnMap": {
      "0": {
        "name": "(empty-report)",
        "decl": {
          "start": { "line": 1, "column": 0 },
          "end": { "line": 55, "column": 1 }
        },
        "loc": {
          "start": { "line": 1, "column": 0 },
          "end": { "line": 55, "column": 1 }
        },
        "line": 1
      }
    },
    "f": { "0": 0 }
  },
  "C:\\CODE2023\\rsschool-react2023q4-course\\src\\components\\error-boundary\\ErrorBoundary.tsx": {
    "path": "C:\\CODE2023\\rsschool-react2023q4-course\\src\\components\\error-boundary\\ErrorBoundary.tsx",
    "all": true,
    "statementMap": {
      "0": {
        "start": { "line": 1, "column": 0 },
        "end": { "line": 1, "column": 52 }
      },
      "1": {
        "start": { "line": 2, "column": 0 },
        "end": { "line": 2, "column": 0 }
      },
      "2": {
        "start": { "line": 3, "column": 0 },
        "end": { "line": 3, "column": 14 }
      },
      "3": {
        "start": { "line": 4, "column": 0 },
        "end": { "line": 4, "column": 28 }
      },
      "4": {
        "start": { "line": 5, "column": 0 },
        "end": { "line": 5, "column": 2 }
      },
      "5": {
        "start": { "line": 6, "column": 0 },
        "end": { "line": 6, "column": 0 }
      },
      "6": {
        "start": { "line": 7, "column": 0 },
        "end": { "line": 7, "column": 14 }
      },
      "7": {
        "start": { "line": 8, "column": 0 },
        "end": { "line": 8, "column": 20 }
      },
      "8": {
        "start": { "line": 9, "column": 0 },
        "end": { "line": 9, "column": 16 }
      },
      "9": {
        "start": { "line": 10, "column": 0 },
        "end": { "line": 10, "column": 2 }
      },
      "10": {
        "start": { "line": 11, "column": 0 },
        "end": { "line": 11, "column": 0 }
      },
      "11": {
        "start": { "line": 12, "column": 0 },
        "end": { "line": 12, "column": 68 }
      },
      "12": {
        "start": { "line": 13, "column": 0 },
        "end": { "line": 13, "column": 29 }
      },
      "13": {
        "start": { "line": 14, "column": 0 },
        "end": { "line": 14, "column": 17 }
      },
      "14": {
        "start": { "line": 15, "column": 0 },
        "end": { "line": 15, "column": 37 }
      },
      "15": {
        "start": { "line": 16, "column": 0 },
        "end": { "line": 16, "column": 3 }
      },
      "16": {
        "start": { "line": 17, "column": 0 },
        "end": { "line": 17, "column": 0 }
      },
      "17": {
        "start": { "line": 18, "column": 0 },
        "end": { "line": 18, "column": 52 }
      },
      "18": {
        "start": { "line": 19, "column": 0 },
        "end": { "line": 19, "column": 16 }
      },
      "19": {
        "start": { "line": 20, "column": 0 },
        "end": { "line": 20, "column": 43 }
      },
      "20": {
        "start": { "line": 21, "column": 0 },
        "end": { "line": 21, "column": 12 }
      },
      "21": {
        "start": { "line": 22, "column": 0 },
        "end": { "line": 22, "column": 26 }
      },
      "22": {
        "start": { "line": 23, "column": 0 },
        "end": { "line": 23, "column": 6 }
      },
      "23": {
        "start": { "line": 24, "column": 0 },
        "end": { "line": 24, "column": 19 }
      },
      "24": {
        "start": { "line": 25, "column": 0 },
        "end": { "line": 25, "column": 21 }
      },
      "25": {
        "start": { "line": 26, "column": 0 },
        "end": { "line": 26, "column": 19 }
      },
      "26": {
        "start": { "line": 27, "column": 0 },
        "end": { "line": 27, "column": 7 }
      },
      "27": {
        "start": { "line": 28, "column": 0 },
        "end": { "line": 28, "column": 3 }
      },
      "28": {
        "start": { "line": 29, "column": 0 },
        "end": { "line": 29, "column": 0 }
      },
      "29": {
        "start": { "line": 30, "column": 0 },
        "end": { "line": 30, "column": 12 }
      },
      "30": {
        "start": { "line": 31, "column": 0 },
        "end": { "line": 31, "column": 30 }
      },
      "31": {
        "start": { "line": 32, "column": 0 },
        "end": { "line": 32, "column": 14 }
      },
      "32": {
        "start": { "line": 33, "column": 0 },
        "end": { "line": 33, "column": 77 }
      },
      "33": {
        "start": { "line": 34, "column": 0 },
        "end": { "line": 34, "column": 8 }
      },
      "34": {
        "start": { "line": 35, "column": 0 },
        "end": { "line": 35, "column": 5 }
      },
      "35": {
        "start": { "line": 36, "column": 0 },
        "end": { "line": 36, "column": 0 }
      },
      "36": {
        "start": { "line": 37, "column": 0 },
        "end": { "line": 37, "column": 31 }
      },
      "37": {
        "start": { "line": 38, "column": 0 },
        "end": { "line": 38, "column": 3 }
      },
      "38": {
        "start": { "line": 39, "column": 0 },
        "end": { "line": 39, "column": 1 }
      }
    },
    "s": {
      "0": 0,
      "1": 0,
      "2": 0,
      "3": 0,
      "4": 0,
      "5": 0,
      "6": 0,
      "7": 0,
      "8": 0,
      "9": 0,
      "10": 0,
      "11": 0,
      "12": 0,
      "13": 0,
      "14": 0,
      "15": 0,
      "16": 0,
      "17": 0,
      "18": 0,
      "19": 0,
      "20": 0,
      "21": 0,
      "22": 0,
      "23": 0,
      "24": 0,
      "25": 0,
      "26": 0,
      "27": 0,
      "28": 0,
      "29": 0,
      "30": 0,
      "31": 0,
      "32": 0,
      "33": 0,
      "34": 0,
      "35": 0,
      "36": 0,
      "37": 0,
      "38": 0
    },
    "branchMap": {
      "0": {
        "type": "branch",
        "line": 1,
        "loc": {
          "start": { "line": 1, "column": 0 },
          "end": { "line": 39, "column": 1 }
        },
        "locations": [
          {
            "start": { "line": 1, "column": 0 },
            "end": { "line": 39, "column": 1 }
          }
        ]
      }
    },
    "b": { "0": [0] },
    "fnMap": {
      "0": {
        "name": "(empty-report)",
        "decl": {
          "start": { "line": 1, "column": 0 },
          "end": { "line": 39, "column": 1 }
        },
        "loc": {
          "start": { "line": 1, "column": 0 },
          "end": { "line": 39, "column": 1 }
        },
        "line": 1
      }
    },
    "f": { "0": 0 }
  },
  "C:\\CODE2023\\rsschool-react2023q4-course\\src\\components\\header\\Header.tsx": {
    "path": "C:\\CODE2023\\rsschool-react2023q4-course\\src\\components\\header\\Header.tsx",
    "all": false,
    "statementMap": {
      "0": {
        "start": { "line": 1, "column": 0 },
        "end": { "line": 1, "column": 75 }
      },
      "1": {
        "start": { "line": 2, "column": 0 },
        "end": { "line": 2, "column": 55 }
      },
      "2": {
        "start": { "line": 3, "column": 0 },
        "end": { "line": 3, "column": 45 }
      },
      "3": {
        "start": { "line": 4, "column": 0 },
        "end": { "line": 4, "column": 64 }
      },
      "4": {
        "start": { "line": 5, "column": 0 },
        "end": { "line": 5, "column": 8 }
      },
      "5": {
        "start": { "line": 6, "column": 0 },
        "end": { "line": 6, "column": 18 }
      },
      "6": {
        "start": { "line": 7, "column": 0 },
        "end": { "line": 7, "column": 19 }
      },
      "7": {
        "start": { "line": 8, "column": 0 },
        "end": { "line": 8, "column": 23 }
      },
      "8": {
        "start": { "line": 9, "column": 0 },
        "end": { "line": 9, "column": 37 }
      },
      "9": {
        "start": { "line": 10, "column": 0 },
        "end": { "line": 10, "column": 22 }
      },
      "10": {
        "start": { "line": 11, "column": 0 },
        "end": { "line": 11, "column": 0 }
      },
      "11": {
        "start": { "line": 12, "column": 0 },
        "end": { "line": 12, "column": 34 }
      },
      "12": {
        "start": { "line": 13, "column": 0 },
        "end": { "line": 13, "column": 72 }
      },
      "13": {
        "start": { "line": 14, "column": 0 },
        "end": { "line": 14, "column": 61 }
      },
      "14": {
        "start": { "line": 15, "column": 0 },
        "end": { "line": 15, "column": 61 }
      },
      "15": {
        "start": { "line": 16, "column": 0 },
        "end": { "line": 16, "column": 60 }
      },
      "16": {
        "start": { "line": 17, "column": 0 },
        "end": { "line": 17, "column": 33 }
      },
      "17": {
        "start": { "line": 18, "column": 0 },
        "end": { "line": 18, "column": 33 }
      },
      "18": {
        "start": { "line": 19, "column": 0 },
        "end": { "line": 19, "column": 76 }
      },
      "19": {
        "start": { "line": 20, "column": 0 },
        "end": { "line": 20, "column": 0 }
      },
      "20": {
        "start": { "line": 21, "column": 0 },
        "end": { "line": 21, "column": 19 }
      },
      "21": {
        "start": { "line": 22, "column": 0 },
        "end": { "line": 22, "column": 28 }
      },
      "22": {
        "start": { "line": 23, "column": 0 },
        "end": { "line": 23, "column": 18 }
      },
      "23": {
        "start": { "line": 24, "column": 0 },
        "end": { "line": 24, "column": 23 }
      },
      "24": {
        "start": { "line": 25, "column": 0 },
        "end": { "line": 25, "column": 35 }
      },
      "25": {
        "start": { "line": 26, "column": 0 },
        "end": { "line": 26, "column": 37 }
      },
      "26": {
        "start": { "line": 27, "column": 0 },
        "end": { "line": 27, "column": 37 }
      },
      "27": {
        "start": { "line": 28, "column": 0 },
        "end": { "line": 28, "column": 9 }
      },
      "28": {
        "start": { "line": 29, "column": 0 },
        "end": { "line": 29, "column": 114 }
      },
      "29": {
        "start": { "line": 30, "column": 0 },
        "end": { "line": 30, "column": 12 }
      },
      "30": {
        "start": { "line": 31, "column": 0 },
        "end": { "line": 31, "column": 72 }
      },
      "31": {
        "start": { "line": 32, "column": 0 },
        "end": { "line": 32, "column": 66 }
      },
      "32": {
        "start": { "line": 33, "column": 0 },
        "end": { "line": 33, "column": 5 }
      },
      "33": {
        "start": { "line": 34, "column": 0 },
        "end": { "line": 34, "column": 60 }
      },
      "34": {
        "start": { "line": 35, "column": 0 },
        "end": { "line": 35, "column": 9 }
      },
      "35": {
        "start": { "line": 36, "column": 0 },
        "end": { "line": 36, "column": 0 }
      },
      "36": {
        "start": { "line": 37, "column": 0 },
        "end": { "line": 37, "column": 61 }
      },
      "37": {
        "start": { "line": 38, "column": 0 },
        "end": { "line": 38, "column": 53 }
      },
      "38": {
        "start": { "line": 39, "column": 0 },
        "end": { "line": 39, "column": 4 }
      },
      "39": {
        "start": { "line": 40, "column": 0 },
        "end": { "line": 40, "column": 0 }
      },
      "40": {
        "start": { "line": 41, "column": 0 },
        "end": { "line": 41, "column": 73 }
      },
      "41": {
        "start": { "line": 42, "column": 0 },
        "end": { "line": 42, "column": 27 }
      },
      "42": {
        "start": { "line": 43, "column": 0 },
        "end": { "line": 43, "column": 37 }
      },
      "43": {
        "start": { "line": 44, "column": 0 },
        "end": { "line": 44, "column": 40 }
      },
      "44": {
        "start": { "line": 45, "column": 0 },
        "end": { "line": 45, "column": 47 }
      },
      "45": {
        "start": { "line": 46, "column": 0 },
        "end": { "line": 46, "column": 43 }
      },
      "46": {
        "start": { "line": 47, "column": 0 },
        "end": { "line": 47, "column": 22 }
      },
      "47": {
        "start": { "line": 48, "column": 0 },
        "end": { "line": 48, "column": 38 }
      },
      "48": {
        "start": { "line": 49, "column": 0 },
        "end": { "line": 49, "column": 45 }
      },
      "49": {
        "start": { "line": 50, "column": 0 },
        "end": { "line": 50, "column": 40 }
      },
      "50": {
        "start": { "line": 51, "column": 0 },
        "end": { "line": 51, "column": 4 }
      },
      "51": {
        "start": { "line": 52, "column": 0 },
        "end": { "line": 52, "column": 0 }
      },
      "52": {
        "start": { "line": 53, "column": 0 },
        "end": { "line": 53, "column": 48 }
      },
      "53": {
        "start": { "line": 54, "column": 0 },
        "end": { "line": 54, "column": 27 }
      },
      "54": {
        "start": { "line": 55, "column": 0 },
        "end": { "line": 55, "column": 32 }
      },
      "55": {
        "start": { "line": 56, "column": 0 },
        "end": { "line": 56, "column": 42 }
      },
      "56": {
        "start": { "line": 57, "column": 0 },
        "end": { "line": 57, "column": 16 }
      },
      "57": {
        "start": { "line": 58, "column": 0 },
        "end": { "line": 58, "column": 61 }
      },
      "58": {
        "start": { "line": 59, "column": 0 },
        "end": { "line": 59, "column": 12 }
      },
      "59": {
        "start": { "line": 60, "column": 0 },
        "end": { "line": 60, "column": 70 }
      },
      "60": {
        "start": { "line": 61, "column": 0 },
        "end": { "line": 61, "column": 5 }
      },
      "61": {
        "start": { "line": 62, "column": 0 },
        "end": { "line": 62, "column": 45 }
      },
      "62": {
        "start": { "line": 63, "column": 0 },
        "end": { "line": 63, "column": 36 }
      },
      "63": {
        "start": { "line": 64, "column": 0 },
        "end": { "line": 64, "column": 4 }
      },
      "64": {
        "start": { "line": 65, "column": 0 },
        "end": { "line": 65, "column": 0 }
      },
      "65": {
        "start": { "line": 66, "column": 0 },
        "end": { "line": 66, "column": 10 }
      },
      "66": {
        "start": { "line": 67, "column": 0 },
        "end": { "line": 67, "column": 31 }
      },
      "67": {
        "start": { "line": 68, "column": 0 },
        "end": { "line": 68, "column": 34 }
      },
      "68": {
        "start": { "line": 69, "column": 0 },
        "end": { "line": 69, "column": 35 }
      },
      "69": {
        "start": { "line": 70, "column": 0 },
        "end": { "line": 70, "column": 12 }
      },
      "70": {
        "start": { "line": 71, "column": 0 },
        "end": { "line": 71, "column": 35 }
      },
      "71": {
        "start": { "line": 72, "column": 0 },
        "end": { "line": 72, "column": 58 }
      },
      "72": {
        "start": { "line": 73, "column": 0 },
        "end": { "line": 73, "column": 16 }
      },
      "73": {
        "start": { "line": 74, "column": 0 },
        "end": { "line": 74, "column": 36 }
      },
      "74": {
        "start": { "line": 75, "column": 0 },
        "end": { "line": 75, "column": 25 }
      },
      "75": {
        "start": { "line": 76, "column": 0 },
        "end": { "line": 76, "column": 37 }
      },
      "76": {
        "start": { "line": 77, "column": 0 },
        "end": { "line": 77, "column": 27 }
      },
      "77": {
        "start": { "line": 78, "column": 0 },
        "end": { "line": 78, "column": 36 }
      },
      "78": {
        "start": { "line": 79, "column": 0 },
        "end": { "line": 79, "column": 19 }
      },
      "79": {
        "start": { "line": 80, "column": 0 },
        "end": { "line": 80, "column": 67 }
      },
      "80": {
        "start": { "line": 81, "column": 0 },
        "end": { "line": 81, "column": 15 }
      },
      "81": {
        "start": { "line": 82, "column": 0 },
        "end": { "line": 82, "column": 12 }
      },
      "82": {
        "start": { "line": 83, "column": 0 },
        "end": { "line": 83, "column": 42 }
      },
      "83": {
        "start": { "line": 84, "column": 0 },
        "end": { "line": 84, "column": 64 }
      },
      "84": {
        "start": { "line": 85, "column": 0 },
        "end": { "line": 85, "column": 19 }
      },
      "85": {
        "start": { "line": 86, "column": 0 },
        "end": { "line": 86, "column": 16 }
      },
      "86": {
        "start": { "line": 87, "column": 0 },
        "end": { "line": 87, "column": 15 }
      },
      "87": {
        "start": { "line": 88, "column": 0 },
        "end": { "line": 88, "column": 28 }
      },
      "88": {
        "start": { "line": 89, "column": 0 },
        "end": { "line": 89, "column": 36 }
      },
      "89": {
        "start": { "line": 90, "column": 0 },
        "end": { "line": 90, "column": 39 }
      },
      "90": {
        "start": { "line": 91, "column": 0 },
        "end": { "line": 91, "column": 9 }
      },
      "91": {
        "start": { "line": 92, "column": 0 },
        "end": { "line": 92, "column": 38 }
      },
      "92": {
        "start": { "line": 93, "column": 0 },
        "end": { "line": 93, "column": 13 }
      },
      "93": {
        "start": { "line": 94, "column": 0 },
        "end": { "line": 94, "column": 19 }
      },
      "94": {
        "start": { "line": 95, "column": 0 },
        "end": { "line": 95, "column": 38 }
      },
      "95": {
        "start": { "line": 96, "column": 0 },
        "end": { "line": 96, "column": 13 }
      },
      "96": {
        "start": { "line": 97, "column": 0 },
        "end": { "line": 97, "column": 19 }
      },
      "97": {
        "start": { "line": 98, "column": 0 },
        "end": { "line": 98, "column": 40 }
      },
      "98": {
        "start": { "line": 99, "column": 0 },
        "end": { "line": 99, "column": 14 }
      },
      "99": {
        "start": { "line": 100, "column": 0 },
        "end": { "line": 100, "column": 19 }
      },
      "100": {
        "start": { "line": 101, "column": 0 },
        "end": { "line": 101, "column": 17 }
      },
      "101": {
        "start": { "line": 102, "column": 0 },
        "end": { "line": 102, "column": 12 }
      },
      "102": {
        "start": { "line": 103, "column": 0 },
        "end": { "line": 103, "column": 13 }
      },
      "103": {
        "start": { "line": 104, "column": 0 },
        "end": { "line": 104, "column": 4 }
      },
      "104": {
        "start": { "line": 105, "column": 0 },
        "end": { "line": 105, "column": 1 }
      }
    },
    "s": {
      "0": 1,
      "1": 1,
      "2": 1,
      "3": 1,
      "4": 1,
      "5": 1,
      "6": 1,
      "7": 1,
      "8": 1,
      "9": 1,
      "10": 1,
      "11": 13,
      "12": 13,
      "13": 13,
      "14": 13,
      "15": 13,
      "16": 13,
      "17": 13,
      "18": 13,
      "19": 13,
      "20": 13,
      "21": 0,
      "22": 0,
      "23": 0,
      "24": 0,
      "25": 0,
      "26": 0,
      "27": 0,
      "28": 0,
      "29": 0,
      "30": 0,
      "31": 0,
      "32": 0,
      "33": 0,
      "34": 13,
      "35": 13,
      "36": 13,
      "37": 0,
      "38": 13,
      "39": 13,
      "40": 13,
      "41": 0,
      "42": 0,
      "43": 0,
      "44": 0,
      "45": 0,
      "46": 0,
      "47": 0,
      "48": 0,
      "49": 0,
      "50": 13,
      "51": 13,
      "52": 13,
      "53": 0,
      "54": 0,
      "55": 0,
      "56": 0,
      "57": 0,
      "58": 0,
      "59": 0,
      "60": 0,
      "61": 0,
      "62": 0,
      "63": 13,
      "64": 13,
      "65": 13,
      "66": 13,
      "67": 13,
      "68": 13,
      "69": 13,
      "70": 13,
      "71": 13,
      "72": 13,
      "73": 13,
      "74": 13,
      "75": 13,
      "76": 13,
      "77": 13,
      "78": 13,
      "79": 13,
      "80": 13,
      "81": 13,
      "82": 13,
      "83": 13,
      "84": 13,
      "85": 13,
      "86": 13,
      "87": 13,
      "88": 13,
      "89": 13,
      "90": 13,
      "91": 13,
      "92": 13,
      "93": 13,
      "94": 13,
      "95": 13,
      "96": 13,
      "97": 13,
      "98": 13,
      "99": 13,
      "100": 13,
      "101": 13,
      "102": 13,
      "103": 13,
      "104": 13
    },
    "branchMap": {
      "0": {
        "type": "branch",
        "line": 12,
        "loc": {
          "start": { "line": 12, "column": 0 },
          "end": { "line": 105, "column": 1 }
        },
        "locations": [
          {
            "start": { "line": 12, "column": 0 },
            "end": { "line": 105, "column": 1 }
          }
        ]
      }
    },
    "b": { "0": [13] },
    "fnMap": {
      "0": {
        "name": "Header",
        "decl": {
          "start": { "line": 12, "column": 0 },
          "end": { "line": 105, "column": 1 }
        },
        "loc": {
          "start": { "line": 12, "column": 0 },
          "end": { "line": 105, "column": 1 }
        },
        "line": 12
      },
      "1": {
        "name": "updateKeyWord",
        "decl": {
          "start": { "line": 37, "column": 24 },
          "end": { "line": 39, "column": 3 }
        },
        "loc": {
          "start": { "line": 37, "column": 24 },
          "end": { "line": 39, "column": 3 }
        },
        "line": 37
      },
      "2": {
        "name": "updatePerPageValue",
        "decl": {
          "start": { "line": 41, "column": 29 },
          "end": { "line": 51, "column": 3 }
        },
        "loc": {
          "start": { "line": 41, "column": 29 },
          "end": { "line": 51, "column": 3 }
        },
        "line": 41
      },
      "3": {
        "name": "onSubmit",
        "decl": {
          "start": { "line": 53, "column": 19 },
          "end": { "line": 64, "column": 3 }
        },
        "loc": {
          "start": { "line": 53, "column": 19 },
          "end": { "line": 64, "column": 3 }
        },
        "line": 53
      }
    },
    "f": { "0": 13, "1": 0, "2": 0, "3": 0 }
  },
  "C:\\CODE2023\\rsschool-react2023q4-course\\src\\components\\pagination\\Pagination.tsx": {
    "path": "C:\\CODE2023\\rsschool-react2023q4-course\\src\\components\\pagination\\Pagination.tsx",
    "all": true,
    "statementMap": {
      "0": {
        "start": { "line": 1, "column": 0 },
        "end": { "line": 1, "column": 44 }
      },
      "1": {
        "start": { "line": 2, "column": 0 },
        "end": { "line": 2, "column": 55 }
      },
      "2": {
        "start": { "line": 3, "column": 0 },
        "end": { "line": 3, "column": 45 }
      },
      "3": {
        "start": { "line": 4, "column": 0 },
        "end": { "line": 4, "column": 67 }
      },
      "4": {
        "start": { "line": 5, "column": 0 },
        "end": { "line": 5, "column": 13 }
      },
      "5": {
        "start": { "line": 6, "column": 0 },
        "end": { "line": 6, "column": 18 }
      },
      "6": {
        "start": { "line": 7, "column": 0 },
        "end": { "line": 7, "column": 18 }
      },
      "7": {
        "start": { "line": 8, "column": 0 },
        "end": { "line": 8, "column": 21 }
      },
      "8": {
        "start": { "line": 9, "column": 0 },
        "end": { "line": 9, "column": 27 }
      },
      "9": {
        "start": { "line": 10, "column": 0 },
        "end": { "line": 10, "column": 26 }
      },
      "10": {
        "start": { "line": 11, "column": 0 },
        "end": { "line": 11, "column": 0 }
      },
      "11": {
        "start": { "line": 12, "column": 0 },
        "end": { "line": 12, "column": 68 }
      },
      "12": {
        "start": { "line": 13, "column": 0 },
        "end": { "line": 13, "column": 50 }
      },
      "13": {
        "start": { "line": 14, "column": 0 },
        "end": { "line": 14, "column": 19 }
      },
      "14": {
        "start": { "line": 15, "column": 0 },
        "end": { "line": 15, "column": 29 }
      },
      "15": {
        "start": { "line": 16, "column": 0 },
        "end": { "line": 16, "column": 25 }
      },
      "16": {
        "start": { "line": 17, "column": 0 },
        "end": { "line": 17, "column": 12 }
      },
      "17": {
        "start": { "line": 18, "column": 0 },
        "end": { "line": 18, "column": 24 }
      },
      "18": {
        "start": { "line": 19, "column": 0 },
        "end": { "line": 19, "column": 5 }
      },
      "19": {
        "start": { "line": 20, "column": 0 },
        "end": { "line": 20, "column": 19 }
      },
      "20": {
        "start": { "line": 21, "column": 0 },
        "end": { "line": 21, "column": 10 }
      },
      "21": {
        "start": { "line": 22, "column": 0 },
        "end": { "line": 22, "column": 70 }
      },
      "22": {
        "start": { "line": 23, "column": 0 },
        "end": { "line": 23, "column": 12 }
      },
      "23": {
        "start": { "line": 24, "column": 0 },
        "end": { "line": 24, "column": 13 }
      },
      "24": {
        "start": { "line": 25, "column": 0 },
        "end": { "line": 25, "column": 4 }
      },
      "25": {
        "start": { "line": 26, "column": 0 },
        "end": { "line": 26, "column": 1 }
      },
      "26": {
        "start": { "line": 27, "column": 0 },
        "end": { "line": 27, "column": 0 }
      },
      "27": {
        "start": { "line": 28, "column": 0 },
        "end": { "line": 28, "column": 67 }
      },
      "28": {
        "start": { "line": 29, "column": 0 },
        "end": { "line": 29, "column": 50 }
      },
      "29": {
        "start": { "line": 30, "column": 0 },
        "end": { "line": 30, "column": 19 }
      },
      "30": {
        "start": { "line": 31, "column": 0 },
        "end": { "line": 31, "column": 29 }
      },
      "31": {
        "start": { "line": 32, "column": 0 },
        "end": { "line": 32, "column": 25 }
      },
      "32": {
        "start": { "line": 33, "column": 0 },
        "end": { "line": 33, "column": 12 }
      },
      "33": {
        "start": { "line": 34, "column": 0 },
        "end": { "line": 34, "column": 24 }
      },
      "34": {
        "start": { "line": 35, "column": 0 },
        "end": { "line": 35, "column": 5 }
      },
      "35": {
        "start": { "line": 36, "column": 0 },
        "end": { "line": 36, "column": 19 }
      },
      "36": {
        "start": { "line": 37, "column": 0 },
        "end": { "line": 37, "column": 10 }
      },
      "37": {
        "start": { "line": 38, "column": 0 },
        "end": { "line": 38, "column": 70 }
      },
      "38": {
        "start": { "line": 39, "column": 0 },
        "end": { "line": 39, "column": 11 }
      },
      "39": {
        "start": { "line": 40, "column": 0 },
        "end": { "line": 40, "column": 13 }
      },
      "40": {
        "start": { "line": 41, "column": 0 },
        "end": { "line": 41, "column": 4 }
      },
      "41": {
        "start": { "line": 42, "column": 0 },
        "end": { "line": 42, "column": 1 }
      },
      "42": {
        "start": { "line": 43, "column": 0 },
        "end": { "line": 43, "column": 0 }
      },
      "43": {
        "start": { "line": 44, "column": 0 },
        "end": { "line": 44, "column": 25 }
      },
      "44": {
        "start": { "line": 45, "column": 0 },
        "end": { "line": 45, "column": 13 }
      },
      "45": {
        "start": { "line": 46, "column": 0 },
        "end": { "line": 46, "column": 13 }
      },
      "46": {
        "start": { "line": 47, "column": 0 },
        "end": { "line": 47, "column": 10 }
      },
      "47": {
        "start": { "line": 48, "column": 0 },
        "end": { "line": 48, "column": 24 }
      },
      "48": {
        "start": { "line": 49, "column": 0 },
        "end": { "line": 49, "column": 50 }
      },
      "49": {
        "start": { "line": 50, "column": 0 },
        "end": { "line": 50, "column": 19 }
      },
      "50": {
        "start": { "line": 51, "column": 0 },
        "end": { "line": 51, "column": 37 }
      },
      "51": {
        "start": { "line": 52, "column": 0 },
        "end": { "line": 52, "column": 25 }
      },
      "52": {
        "start": { "line": 53, "column": 0 },
        "end": { "line": 53, "column": 12 }
      },
      "53": {
        "start": { "line": 54, "column": 0 },
        "end": { "line": 54, "column": 24 }
      },
      "54": {
        "start": { "line": 55, "column": 0 },
        "end": { "line": 55, "column": 5 }
      },
      "55": {
        "start": { "line": 56, "column": 0 },
        "end": { "line": 56, "column": 19 }
      },
      "56": {
        "start": { "line": 57, "column": 0 },
        "end": { "line": 57, "column": 10 }
      },
      "57": {
        "start": { "line": 58, "column": 0 },
        "end": { "line": 58, "column": 70 }
      },
      "58": {
        "start": { "line": 59, "column": 0 },
        "end": { "line": 59, "column": 11 }
      },
      "59": {
        "start": { "line": 60, "column": 0 },
        "end": { "line": 60, "column": 13 }
      },
      "60": {
        "start": { "line": 61, "column": 0 },
        "end": { "line": 61, "column": 4 }
      },
      "61": {
        "start": { "line": 62, "column": 0 },
        "end": { "line": 62, "column": 1 }
      },
      "62": {
        "start": { "line": 63, "column": 0 },
        "end": { "line": 63, "column": 0 }
      },
      "63": {
        "start": { "line": 64, "column": 0 },
        "end": { "line": 64, "column": 25 }
      },
      "64": {
        "start": { "line": 65, "column": 0 },
        "end": { "line": 65, "column": 13 }
      },
      "65": {
        "start": { "line": 66, "column": 0 },
        "end": { "line": 66, "column": 13 }
      },
      "66": {
        "start": { "line": 67, "column": 0 },
        "end": { "line": 67, "column": 10 }
      },
      "67": {
        "start": { "line": 68, "column": 0 },
        "end": { "line": 68, "column": 24 }
      },
      "68": {
        "start": { "line": 69, "column": 0 },
        "end": { "line": 69, "column": 50 }
      },
      "69": {
        "start": { "line": 70, "column": 0 },
        "end": { "line": 70, "column": 19 }
      },
      "70": {
        "start": { "line": 71, "column": 0 },
        "end": { "line": 71, "column": 37 }
      },
      "71": {
        "start": { "line": 72, "column": 0 },
        "end": { "line": 72, "column": 25 }
      },
      "72": {
        "start": { "line": 73, "column": 0 },
        "end": { "line": 73, "column": 12 }
      },
      "73": {
        "start": { "line": 74, "column": 0 },
        "end": { "line": 74, "column": 24 }
      },
      "74": {
        "start": { "line": 75, "column": 0 },
        "end": { "line": 75, "column": 5 }
      },
      "75": {
        "start": { "line": 76, "column": 0 },
        "end": { "line": 76, "column": 19 }
      },
      "76": {
        "start": { "line": 77, "column": 0 },
        "end": { "line": 77, "column": 10 }
      },
      "77": {
        "start": { "line": 78, "column": 0 },
        "end": { "line": 78, "column": 70 }
      },
      "78": {
        "start": { "line": 79, "column": 0 },
        "end": { "line": 79, "column": 12 }
      },
      "79": {
        "start": { "line": 80, "column": 0 },
        "end": { "line": 80, "column": 13 }
      },
      "80": {
        "start": { "line": 81, "column": 0 },
        "end": { "line": 81, "column": 4 }
      },
      "81": {
        "start": { "line": 82, "column": 0 },
        "end": { "line": 82, "column": 1 }
      },
      "82": {
        "start": { "line": 83, "column": 0 },
        "end": { "line": 83, "column": 0 }
      },
      "83": {
        "start": { "line": 84, "column": 0 },
        "end": { "line": 84, "column": 36 }
      },
      "84": {
        "start": { "line": 85, "column": 0 },
        "end": { "line": 85, "column": 13 }
      },
      "85": {
        "start": { "line": 86, "column": 0 },
        "end": { "line": 86, "column": 20 }
      },
      "86": {
        "start": { "line": 87, "column": 0 },
        "end": { "line": 87, "column": 21 }
      },
      "87": {
        "start": { "line": 88, "column": 0 },
        "end": { "line": 88, "column": 72 }
      },
      "88": {
        "start": { "line": 89, "column": 0 },
        "end": { "line": 89, "column": 44 }
      },
      "89": {
        "start": { "line": 90, "column": 0 },
        "end": { "line": 90, "column": 61 }
      },
      "90": {
        "start": { "line": 91, "column": 0 },
        "end": { "line": 91, "column": 33 }
      },
      "91": {
        "start": { "line": 92, "column": 0 },
        "end": { "line": 92, "column": 0 }
      },
      "92": {
        "start": { "line": 93, "column": 0 },
        "end": { "line": 93, "column": 19 }
      },
      "93": {
        "start": { "line": 94, "column": 0 },
        "end": { "line": 94, "column": 31 }
      },
      "94": {
        "start": { "line": 95, "column": 0 },
        "end": { "line": 95, "column": 19 }
      },
      "95": {
        "start": { "line": 96, "column": 0 },
        "end": { "line": 96, "column": 0 }
      },
      "96": {
        "start": { "line": 97, "column": 0 },
        "end": { "line": 97, "column": 31 }
      },
      "97": {
        "start": { "line": 98, "column": 0 },
        "end": { "line": 98, "column": 36 }
      },
      "98": {
        "start": { "line": 99, "column": 0 },
        "end": { "line": 99, "column": 40 }
      },
      "99": {
        "start": { "line": 100, "column": 0 },
        "end": { "line": 100, "column": 45 }
      },
      "100": {
        "start": { "line": 101, "column": 0 },
        "end": { "line": 101, "column": 24 }
      },
      "101": {
        "start": { "line": 102, "column": 0 },
        "end": { "line": 102, "column": 27 }
      },
      "102": {
        "start": { "line": 103, "column": 0 },
        "end": { "line": 103, "column": 4 }
      },
      "103": {
        "start": { "line": 104, "column": 0 },
        "end": { "line": 104, "column": 0 }
      },
      "104": {
        "start": { "line": 105, "column": 0 },
        "end": { "line": 105, "column": 30 }
      },
      "105": {
        "start": { "line": 106, "column": 0 },
        "end": { "line": 106, "column": 36 }
      },
      "106": {
        "start": { "line": 107, "column": 0 },
        "end": { "line": 107, "column": 47 }
      },
      "107": {
        "start": { "line": 108, "column": 0 },
        "end": { "line": 108, "column": 41 }
      },
      "108": {
        "start": { "line": 109, "column": 0 },
        "end": { "line": 109, "column": 46 }
      },
      "109": {
        "start": { "line": 110, "column": 0 },
        "end": { "line": 110, "column": 25 }
      },
      "110": {
        "start": { "line": 111, "column": 0 },
        "end": { "line": 111, "column": 28 }
      },
      "111": {
        "start": { "line": 112, "column": 0 },
        "end": { "line": 112, "column": 4 }
      },
      "112": {
        "start": { "line": 113, "column": 0 },
        "end": { "line": 113, "column": 0 }
      },
      "113": {
        "start": { "line": 114, "column": 0 },
        "end": { "line": 114, "column": 30 }
      },
      "114": {
        "start": { "line": 115, "column": 0 },
        "end": { "line": 115, "column": 54 }
      },
      "115": {
        "start": { "line": 116, "column": 0 },
        "end": { "line": 116, "column": 47 }
      },
      "116": {
        "start": { "line": 117, "column": 0 },
        "end": { "line": 117, "column": 41 }
      },
      "117": {
        "start": { "line": 118, "column": 0 },
        "end": { "line": 118, "column": 46 }
      },
      "118": {
        "start": { "line": 119, "column": 0 },
        "end": { "line": 119, "column": 25 }
      },
      "119": {
        "start": { "line": 120, "column": 0 },
        "end": { "line": 120, "column": 28 }
      },
      "120": {
        "start": { "line": 121, "column": 0 },
        "end": { "line": 121, "column": 4 }
      },
      "121": {
        "start": { "line": 122, "column": 0 },
        "end": { "line": 122, "column": 0 }
      },
      "122": {
        "start": { "line": 123, "column": 0 },
        "end": { "line": 123, "column": 30 }
      },
      "123": {
        "start": { "line": 124, "column": 0 },
        "end": { "line": 124, "column": 54 }
      },
      "124": {
        "start": { "line": 125, "column": 0 },
        "end": { "line": 125, "column": 39 }
      },
      "125": {
        "start": { "line": 126, "column": 0 },
        "end": { "line": 126, "column": 41 }
      },
      "126": {
        "start": { "line": 127, "column": 0 },
        "end": { "line": 127, "column": 46 }
      },
      "127": {
        "start": { "line": 128, "column": 0 },
        "end": { "line": 128, "column": 25 }
      },
      "128": {
        "start": { "line": 129, "column": 0 },
        "end": { "line": 129, "column": 28 }
      },
      "129": {
        "start": { "line": 130, "column": 0 },
        "end": { "line": 130, "column": 4 }
      },
      "130": {
        "start": { "line": 131, "column": 0 },
        "end": { "line": 131, "column": 0 }
      },
      "131": {
        "start": { "line": 132, "column": 0 },
        "end": { "line": 132, "column": 36 }
      },
      "132": {
        "start": { "line": 133, "column": 0 },
        "end": { "line": 133, "column": 32 }
      },
      "133": {
        "start": { "line": 134, "column": 0 },
        "end": { "line": 134, "column": 73 }
      },
      "134": {
        "start": { "line": 135, "column": 0 },
        "end": { "line": 135, "column": 71 }
      },
      "135": {
        "start": { "line": 136, "column": 0 },
        "end": { "line": 136, "column": 74 }
      },
      "136": {
        "start": { "line": 137, "column": 0 },
        "end": { "line": 137, "column": 21 }
      },
      "137": {
        "start": { "line": 138, "column": 0 },
        "end": { "line": 138, "column": 31 }
      },
      "138": {
        "start": { "line": 139, "column": 0 },
        "end": { "line": 139, "column": 31 }
      },
      "139": {
        "start": { "line": 140, "column": 0 },
        "end": { "line": 140, "column": 30 }
      },
      "140": {
        "start": { "line": 141, "column": 0 },
        "end": { "line": 141, "column": 8 }
      },
      "141": {
        "start": { "line": 142, "column": 0 },
        "end": { "line": 142, "column": 21 }
      },
      "142": {
        "start": { "line": 143, "column": 0 },
        "end": { "line": 143, "column": 31 }
      },
      "143": {
        "start": { "line": 144, "column": 0 },
        "end": { "line": 144, "column": 31 }
      },
      "144": {
        "start": { "line": 145, "column": 0 },
        "end": { "line": 145, "column": 30 }
      },
      "145": {
        "start": { "line": 146, "column": 0 },
        "end": { "line": 146, "column": 8 }
      },
      "146": {
        "start": { "line": 147, "column": 0 },
        "end": { "line": 147, "column": 10 }
      },
      "147": {
        "start": { "line": 148, "column": 0 },
        "end": { "line": 148, "column": 4 }
      },
      "148": {
        "start": { "line": 149, "column": 0 },
        "end": { "line": 149, "column": 1 }
      }
    },
    "s": {
      "0": 0,
      "1": 0,
      "2": 0,
      "3": 0,
      "4": 0,
      "5": 0,
      "6": 0,
      "7": 0,
      "8": 0,
      "9": 0,
      "10": 0,
      "11": 0,
      "12": 0,
      "13": 0,
      "14": 0,
      "15": 0,
      "16": 0,
      "17": 0,
      "18": 0,
      "19": 0,
      "20": 0,
      "21": 0,
      "22": 0,
      "23": 0,
      "24": 0,
      "25": 0,
      "26": 0,
      "27": 0,
      "28": 0,
      "29": 0,
      "30": 0,
      "31": 0,
      "32": 0,
      "33": 0,
      "34": 0,
      "35": 0,
      "36": 0,
      "37": 0,
      "38": 0,
      "39": 0,
      "40": 0,
      "41": 0,
      "42": 0,
      "43": 0,
      "44": 0,
      "45": 0,
      "46": 0,
      "47": 0,
      "48": 0,
      "49": 0,
      "50": 0,
      "51": 0,
      "52": 0,
      "53": 0,
      "54": 0,
      "55": 0,
      "56": 0,
      "57": 0,
      "58": 0,
      "59": 0,
      "60": 0,
      "61": 0,
      "62": 0,
      "63": 0,
      "64": 0,
      "65": 0,
      "66": 0,
      "67": 0,
      "68": 0,
      "69": 0,
      "70": 0,
      "71": 0,
      "72": 0,
      "73": 0,
      "74": 0,
      "75": 0,
      "76": 0,
      "77": 0,
      "78": 0,
      "79": 0,
      "80": 0,
      "81": 0,
      "82": 0,
      "83": 0,
      "84": 0,
      "85": 0,
      "86": 0,
      "87": 0,
      "88": 0,
      "89": 0,
      "90": 0,
      "91": 0,
      "92": 0,
      "93": 0,
      "94": 0,
      "95": 0,
      "96": 0,
      "97": 0,
      "98": 0,
      "99": 0,
      "100": 0,
      "101": 0,
      "102": 0,
      "103": 0,
      "104": 0,
      "105": 0,
      "106": 0,
      "107": 0,
      "108": 0,
      "109": 0,
      "110": 0,
      "111": 0,
      "112": 0,
      "113": 0,
      "114": 0,
      "115": 0,
      "116": 0,
      "117": 0,
      "118": 0,
      "119": 0,
      "120": 0,
      "121": 0,
      "122": 0,
      "123": 0,
      "124": 0,
      "125": 0,
      "126": 0,
      "127": 0,
      "128": 0,
      "129": 0,
      "130": 0,
      "131": 0,
      "132": 0,
      "133": 0,
      "134": 0,
      "135": 0,
      "136": 0,
      "137": 0,
      "138": 0,
      "139": 0,
      "140": 0,
      "141": 0,
      "142": 0,
      "143": 0,
      "144": 0,
      "145": 0,
      "146": 0,
      "147": 0,
      "148": 0
    },
    "branchMap": {
      "0": {
        "type": "branch",
        "line": 1,
        "loc": {
          "start": { "line": 1, "column": 0 },
          "end": { "line": 149, "column": 1 }
        },
        "locations": [
          {
            "start": { "line": 1, "column": 0 },
            "end": { "line": 149, "column": 1 }
          }
        ]
      }
    },
    "b": { "0": [0] },
    "fnMap": {
      "0": {
        "name": "(empty-report)",
        "decl": {
          "start": { "line": 1, "column": 0 },
          "end": { "line": 149, "column": 1 }
        },
        "loc": {
          "start": { "line": 1, "column": 0 },
          "end": { "line": 149, "column": 1 }
        },
        "line": 1
      }
    },
    "f": { "0": 0 }
  },
  "C:\\CODE2023\\rsschool-react2023q4-course\\src\\components\\results\\Results.tsx": {
    "path": "C:\\CODE2023\\rsschool-react2023q4-course\\src\\components\\results\\Results.tsx",
    "all": true,
    "statementMap": {
      "0": {
        "start": { "line": 1, "column": 0 },
        "end": { "line": 1, "column": 44 }
      },
      "1": {
        "start": { "line": 2, "column": 0 },
        "end": { "line": 2, "column": 55 }
      },
      "2": {
        "start": { "line": 3, "column": 0 },
        "end": { "line": 3, "column": 45 }
      },
      "3": {
        "start": { "line": 4, "column": 0 },
        "end": { "line": 4, "column": 50 }
      },
      "4": {
        "start": { "line": 5, "column": 0 },
        "end": { "line": 5, "column": 8 }
      },
      "5": {
        "start": { "line": 6, "column": 0 },
        "end": { "line": 6, "column": 24 }
      },
      "6": {
        "start": { "line": 7, "column": 0 },
        "end": { "line": 7, "column": 25 }
      },
      "7": {
        "start": { "line": 8, "column": 0 },
        "end": { "line": 8, "column": 40 }
      },
      "8": {
        "start": { "line": 9, "column": 0 },
        "end": { "line": 9, "column": 66 }
      },
      "9": {
        "start": { "line": 10, "column": 0 },
        "end": { "line": 10, "column": 50 }
      },
      "10": {
        "start": { "line": 11, "column": 0 },
        "end": { "line": 11, "column": 32 }
      },
      "11": {
        "start": { "line": 12, "column": 0 },
        "end": { "line": 12, "column": 47 }
      },
      "12": {
        "start": { "line": 13, "column": 0 },
        "end": { "line": 13, "column": 23 }
      },
      "13": {
        "start": { "line": 14, "column": 0 },
        "end": { "line": 14, "column": 0 }
      },
      "14": {
        "start": { "line": 15, "column": 0 },
        "end": { "line": 15, "column": 35 }
      },
      "15": {
        "start": { "line": 16, "column": 0 },
        "end": { "line": 16, "column": 33 }
      },
      "16": {
        "start": { "line": 17, "column": 0 },
        "end": { "line": 17, "column": 33 }
      },
      "17": {
        "start": { "line": 18, "column": 0 },
        "end": { "line": 18, "column": 72 }
      },
      "18": {
        "start": { "line": 19, "column": 0 },
        "end": { "line": 19, "column": 74 }
      },
      "19": {
        "start": { "line": 20, "column": 0 },
        "end": { "line": 20, "column": 73 }
      },
      "20": {
        "start": { "line": 21, "column": 0 },
        "end": { "line": 21, "column": 0 }
      },
      "21": {
        "start": { "line": 22, "column": 0 },
        "end": { "line": 22, "column": 30 }
      },
      "22": {
        "start": { "line": 23, "column": 0 },
        "end": { "line": 23, "column": 30 }
      },
      "23": {
        "start": { "line": 24, "column": 0 },
        "end": { "line": 24, "column": 55 }
      },
      "24": {
        "start": { "line": 25, "column": 0 },
        "end": { "line": 25, "column": 12 }
      },
      "25": {
        "start": { "line": 26, "column": 0 },
        "end": { "line": 26, "column": 37 }
      },
      "26": {
        "start": { "line": 27, "column": 0 },
        "end": { "line": 27, "column": 36 }
      },
      "27": {
        "start": { "line": 28, "column": 0 },
        "end": { "line": 28, "column": 36 }
      },
      "28": {
        "start": { "line": 29, "column": 0 },
        "end": { "line": 29, "column": 33 }
      },
      "29": {
        "start": { "line": 30, "column": 0 },
        "end": { "line": 30, "column": 9 }
      },
      "30": {
        "start": { "line": 31, "column": 0 },
        "end": { "line": 31, "column": 5 }
      },
      "31": {
        "start": { "line": 32, "column": 0 },
        "end": { "line": 32, "column": 4 }
      },
      "32": {
        "start": { "line": 33, "column": 0 },
        "end": { "line": 33, "column": 0 }
      },
      "33": {
        "start": { "line": 34, "column": 0 },
        "end": { "line": 34, "column": 54 }
      },
      "34": {
        "start": { "line": 35, "column": 0 },
        "end": { "line": 35, "column": 0 }
      },
      "35": {
        "start": { "line": 36, "column": 0 },
        "end": { "line": 36, "column": 30 }
      },
      "36": {
        "start": { "line": 37, "column": 0 },
        "end": { "line": 37, "column": 25 }
      },
      "37": {
        "start": { "line": 38, "column": 0 },
        "end": { "line": 38, "column": 12 }
      },
      "38": {
        "start": { "line": 39, "column": 0 },
        "end": { "line": 39, "column": 20 }
      },
      "39": {
        "start": { "line": 40, "column": 0 },
        "end": { "line": 40, "column": 25 }
      },
      "40": {
        "start": { "line": 41, "column": 0 },
        "end": { "line": 41, "column": 0 }
      },
      "41": {
        "start": { "line": 42, "column": 0 },
        "end": { "line": 42, "column": 20 }
      },
      "42": {
        "start": { "line": 43, "column": 0 },
        "end": { "line": 43, "column": 26 }
      },
      "43": {
        "start": { "line": 44, "column": 0 },
        "end": { "line": 44, "column": 24 }
      },
      "44": {
        "start": { "line": 45, "column": 0 },
        "end": { "line": 45, "column": 20 }
      },
      "45": {
        "start": { "line": 46, "column": 0 },
        "end": { "line": 46, "column": 13 }
      },
      "46": {
        "start": { "line": 47, "column": 0 },
        "end": { "line": 47, "column": 9 }
      },
      "47": {
        "start": { "line": 48, "column": 0 },
        "end": { "line": 48, "column": 8 }
      },
      "48": {
        "start": { "line": 49, "column": 0 },
        "end": { "line": 49, "column": 0 }
      },
      "49": {
        "start": { "line": 50, "column": 0 },
        "end": { "line": 50, "column": 61 }
      },
      "50": {
        "start": { "line": 51, "column": 0 },
        "end": { "line": 51, "column": 0 }
      },
      "51": {
        "start": { "line": 52, "column": 0 },
        "end": { "line": 52, "column": 39 }
      },
      "52": {
        "start": { "line": 53, "column": 0 },
        "end": { "line": 53, "column": 35 }
      },
      "53": {
        "start": { "line": 54, "column": 0 },
        "end": { "line": 54, "column": 35 }
      },
      "54": {
        "start": { "line": 55, "column": 0 },
        "end": { "line": 55, "column": 25 }
      },
      "55": {
        "start": { "line": 56, "column": 0 },
        "end": { "line": 56, "column": 4 }
      },
      "56": {
        "start": { "line": 57, "column": 0 },
        "end": { "line": 57, "column": 0 }
      },
      "57": {
        "start": { "line": 58, "column": 0 },
        "end": { "line": 58, "column": 30 }
      },
      "58": {
        "start": { "line": 59, "column": 0 },
        "end": { "line": 59, "column": 36 }
      },
      "59": {
        "start": { "line": 60, "column": 0 },
        "end": { "line": 60, "column": 25 }
      },
      "60": {
        "start": { "line": 61, "column": 0 },
        "end": { "line": 61, "column": 4 }
      },
      "61": {
        "start": { "line": 62, "column": 0 },
        "end": { "line": 62, "column": 0 }
      },
      "62": {
        "start": { "line": 63, "column": 0 },
        "end": { "line": 63, "column": 39 }
      },
      "63": {
        "start": { "line": 64, "column": 0 },
        "end": { "line": 64, "column": 36 }
      },
      "64": {
        "start": { "line": 65, "column": 0 },
        "end": { "line": 65, "column": 19 }
      },
      "65": {
        "start": { "line": 66, "column": 0 },
        "end": { "line": 66, "column": 4 }
      },
      "66": {
        "start": { "line": 67, "column": 0 },
        "end": { "line": 67, "column": 0 }
      },
      "67": {
        "start": { "line": 68, "column": 0 },
        "end": { "line": 68, "column": 19 }
      },
      "68": {
        "start": { "line": 69, "column": 0 },
        "end": { "line": 69, "column": 20 }
      },
      "69": {
        "start": { "line": 70, "column": 0 },
        "end": { "line": 70, "column": 25 }
      },
      "70": {
        "start": { "line": 71, "column": 0 },
        "end": { "line": 71, "column": 32 }
      },
      "71": {
        "start": { "line": 72, "column": 0 },
        "end": { "line": 72, "column": 86 }
      },
      "72": {
        "start": { "line": 73, "column": 0 },
        "end": { "line": 73, "column": 14 }
      },
      "73": {
        "start": { "line": 74, "column": 0 },
        "end": { "line": 74, "column": 123 }
      },
      "74": {
        "start": { "line": 75, "column": 0 },
        "end": { "line": 75, "column": 7 }
      },
      "75": {
        "start": { "line": 76, "column": 0 },
        "end": { "line": 76, "column": 12 }
      },
      "76": {
        "start": { "line": 77, "column": 0 },
        "end": { "line": 77, "column": 32 }
      },
      "77": {
        "start": { "line": 78, "column": 0 },
        "end": { "line": 78, "column": 89 }
      },
      "78": {
        "start": { "line": 79, "column": 0 },
        "end": { "line": 79, "column": 14 }
      },
      "79": {
        "start": { "line": 80, "column": 0 },
        "end": { "line": 80, "column": 126 }
      },
      "80": {
        "start": { "line": 81, "column": 0 },
        "end": { "line": 81, "column": 7 }
      },
      "81": {
        "start": { "line": 82, "column": 0 },
        "end": { "line": 82, "column": 5 }
      },
      "82": {
        "start": { "line": 83, "column": 0 },
        "end": { "line": 83, "column": 18 }
      },
      "83": {
        "start": { "line": 84, "column": 0 },
        "end": { "line": 84, "column": 23 }
      },
      "84": {
        "start": { "line": 85, "column": 0 },
        "end": { "line": 85, "column": 0 }
      },
      "85": {
        "start": { "line": 86, "column": 0 },
        "end": { "line": 86, "column": 16 }
      },
      "86": {
        "start": { "line": 87, "column": 0 },
        "end": { "line": 87, "column": 46 }
      },
      "87": {
        "start": { "line": 88, "column": 0 },
        "end": { "line": 88, "column": 3 }
      },
      "88": {
        "start": { "line": 89, "column": 0 },
        "end": { "line": 89, "column": 0 }
      },
      "89": {
        "start": { "line": 90, "column": 0 },
        "end": { "line": 90, "column": 10 }
      },
      "90": {
        "start": { "line": 91, "column": 0 },
        "end": { "line": 91, "column": 29 }
      },
      "91": {
        "start": { "line": 92, "column": 0 },
        "end": { "line": 92, "column": 20 }
      },
      "92": {
        "start": { "line": 93, "column": 0 },
        "end": { "line": 93, "column": 25 }
      },
      "93": {
        "start": { "line": 94, "column": 0 },
        "end": { "line": 94, "column": 33 }
      },
      "94": {
        "start": { "line": 95, "column": 0 },
        "end": { "line": 95, "column": 54 }
      },
      "95": {
        "start": { "line": 96, "column": 0 },
        "end": { "line": 96, "column": 11 }
      },
      "96": {
        "start": { "line": 97, "column": 0 },
        "end": { "line": 97, "column": 19 }
      },
      "97": {
        "start": { "line": 98, "column": 0 },
        "end": { "line": 98, "column": 34 }
      },
      "98": {
        "start": { "line": 99, "column": 0 },
        "end": { "line": 99, "column": 44 }
      },
      "99": {
        "start": { "line": 100, "column": 0 },
        "end": { "line": 100, "column": 10 }
      },
      "100": {
        "start": { "line": 101, "column": 0 },
        "end": { "line": 101, "column": 8 }
      },
      "101": {
        "start": { "line": 102, "column": 0 },
        "end": { "line": 102, "column": 37 }
      },
      "102": {
        "start": { "line": 103, "column": 0 },
        "end": { "line": 103, "column": 39 }
      },
      "103": {
        "start": { "line": 104, "column": 0 },
        "end": { "line": 104, "column": 75 }
      },
      "104": {
        "start": { "line": 105, "column": 0 },
        "end": { "line": 105, "column": 44 }
      },
      "105": {
        "start": { "line": 106, "column": 0 },
        "end": { "line": 106, "column": 18 }
      },
      "106": {
        "start": { "line": 107, "column": 0 },
        "end": { "line": 107, "column": 32 }
      },
      "107": {
        "start": { "line": 108, "column": 0 },
        "end": { "line": 108, "column": 29 }
      },
      "108": {
        "start": { "line": 109, "column": 0 },
        "end": { "line": 109, "column": 52 }
      },
      "109": {
        "start": { "line": 110, "column": 0 },
        "end": { "line": 110, "column": 15 }
      },
      "110": {
        "start": { "line": 111, "column": 0 },
        "end": { "line": 111, "column": 70 }
      },
      "111": {
        "start": { "line": 112, "column": 0 },
        "end": { "line": 112, "column": 20 }
      },
      "112": {
        "start": { "line": 113, "column": 0 },
        "end": { "line": 113, "column": 15 }
      },
      "113": {
        "start": { "line": 114, "column": 0 },
        "end": { "line": 114, "column": 16 }
      },
      "114": {
        "start": { "line": 115, "column": 0 },
        "end": { "line": 115, "column": 13 }
      },
      "115": {
        "start": { "line": 116, "column": 0 },
        "end": { "line": 116, "column": 46 }
      },
      "116": {
        "start": { "line": 117, "column": 0 },
        "end": { "line": 117, "column": 10 }
      },
      "117": {
        "start": { "line": 118, "column": 0 },
        "end": { "line": 118, "column": 12 }
      },
      "118": {
        "start": { "line": 119, "column": 0 },
        "end": { "line": 119, "column": 10 }
      },
      "119": {
        "start": { "line": 120, "column": 0 },
        "end": { "line": 120, "column": 4 }
      },
      "120": {
        "start": { "line": 121, "column": 0 },
        "end": { "line": 121, "column": 1 }
      }
    },
    "s": {
      "0": 0,
      "1": 0,
      "2": 0,
      "3": 0,
      "4": 0,
      "5": 0,
      "6": 0,
      "7": 0,
      "8": 0,
      "9": 0,
      "10": 0,
      "11": 0,
      "12": 0,
      "13": 0,
      "14": 0,
      "15": 0,
      "16": 0,
      "17": 0,
      "18": 0,
      "19": 0,
      "20": 0,
      "21": 0,
      "22": 0,
      "23": 0,
      "24": 0,
      "25": 0,
      "26": 0,
      "27": 0,
      "28": 0,
      "29": 0,
      "30": 0,
      "31": 0,
      "32": 0,
      "33": 0,
      "34": 0,
      "35": 0,
      "36": 0,
      "37": 0,
      "38": 0,
      "39": 0,
      "40": 0,
      "41": 0,
      "42": 0,
      "43": 0,
      "44": 0,
      "45": 0,
      "46": 0,
      "47": 0,
      "48": 0,
      "49": 0,
      "50": 0,
      "51": 0,
      "52": 0,
      "53": 0,
      "54": 0,
      "55": 0,
      "56": 0,
      "57": 0,
      "58": 0,
      "59": 0,
      "60": 0,
      "61": 0,
      "62": 0,
      "63": 0,
      "64": 0,
      "65": 0,
      "66": 0,
      "67": 0,
      "68": 0,
      "69": 0,
      "70": 0,
      "71": 0,
      "72": 0,
      "73": 0,
      "74": 0,
      "75": 0,
      "76": 0,
      "77": 0,
      "78": 0,
      "79": 0,
      "80": 0,
      "81": 0,
      "82": 0,
      "83": 0,
      "84": 0,
      "85": 0,
      "86": 0,
      "87": 0,
      "88": 0,
      "89": 0,
      "90": 0,
      "91": 0,
      "92": 0,
      "93": 0,
      "94": 0,
      "95": 0,
      "96": 0,
      "97": 0,
      "98": 0,
      "99": 0,
      "100": 0,
      "101": 0,
      "102": 0,
      "103": 0,
      "104": 0,
      "105": 0,
      "106": 0,
      "107": 0,
      "108": 0,
      "109": 0,
      "110": 0,
      "111": 0,
      "112": 0,
      "113": 0,
      "114": 0,
      "115": 0,
      "116": 0,
      "117": 0,
      "118": 0,
      "119": 0,
      "120": 0
    },
    "branchMap": {
      "0": {
        "type": "branch",
        "line": 1,
        "loc": {
          "start": { "line": 1, "column": 0 },
          "end": { "line": 121, "column": 1 }
        },
        "locations": [
          {
            "start": { "line": 1, "column": 0 },
            "end": { "line": 121, "column": 1 }
          }
        ]
      }
    },
    "b": { "0": [0] },
    "fnMap": {
      "0": {
        "name": "(empty-report)",
        "decl": {
          "start": { "line": 1, "column": 0 },
          "end": { "line": 121, "column": 1 }
        },
        "loc": {
          "start": { "line": 1, "column": 0 },
          "end": { "line": 121, "column": 1 }
        },
        "line": 1
      }
    },
    "f": { "0": 0 }
  },
  "C:\\CODE2023\\rsschool-react2023q4-course\\src\\pages\\404\\404.tsx": {
    "path": "C:\\CODE2023\\rsschool-react2023q4-course\\src\\pages\\404\\404.tsx",
    "all": false,
    "statementMap": {
[...]
      },
      "26": {
        "start": { "line": 27, "column": 0 },
        "end": { "line": 27, "column": 6 }
      },
      "27": {
        "start": { "line": 28, "column": 0 },
        "end": { "line": 28, "column": 4 }
      },
      "28": {
        "start": { "line": 29, "column": 0 },
        "end": { "line": 29, "column": 3 }
      },
      "29": {
        "start": { "line": 30, "column": 0 },
        "end": { "line": 30, "column": 0 }
      },
      "30": {
        "start": { "line": 31, "column": 0 },
        "end": { "line": 31, "column": 74 }
      },
      "31": {
        "start": { "line": 32, "column": 0 },
        "end": { "line": 32, "column": 26 }
      },
      "32": {
        "start": { "line": 33, "column": 0 },
        "end": { "line": 33, "column": 39 }
      }
    },
    "s": {
      "0": 1,
      "1": 1,
      "2": 1,
      "3": 1,
      "4": 1,
      "5": 1,
      "6": 1,
      "7": 1,
      "8": 1,
      "9": 1,
      "10": 1,
      "11": 1,
      "12": 1,
      "13": 1,
      "14": 1,
      "15": 1,
      "16": 1,
      "17": 1,
      "18": 1,
      "19": 0,
      "20": 1,
      "21": 1,
      "22": 0,
      "23": 1,
      "24": 1,
      "25": 0,
      "26": 1,
      "27": 1,
      "28": 1,
      "29": 1,
      "30": 1,
      "31": 1,
      "32": 1
    },
    "branchMap": {},
    "b": {},
    "fnMap": {
      "0": {
        "name": "saveSearchValue",
        "decl": {
          "start": { "line": 19, "column": 21 },
          "end": { "line": 21, "column": 5 }
        },
        "loc": {
          "start": { "line": 19, "column": 21 },
          "end": { "line": 21, "column": 5 }
        },
        "line": 19
      },
      "1": {
        "name": "savePerPageValue",
        "decl": {
          "start": { "line": 22, "column": 22 },
          "end": { "line": 24, "column": 5 }
        },
        "loc": {
          "start": { "line": 22, "column": 22 },
          "end": { "line": 24, "column": 5 }
        },
        "line": 22
      },
      "2": {
        "name": "saveCurrentPageValue",
        "decl": {
          "start": { "line": 25, "column": 26 },
          "end": { "line": 27, "column": 5 }
        },
        "loc": {
          "start": { "line": 25, "column": 26 },
          "end": { "line": 27, "column": 5 }
        },
        "line": 25
      }
    },
    "f": { "0": 0, "1": 0, "2": 0 }
  },
  "C:\\CODE2023\\rsschool-react2023q4-course\\src\\redux\\store.ts": {
    "path": "C:\\CODE2023\\rsschool-react2023q4-course\\src\\redux\\store.ts",
    "all": true,
    "statementMap": {
      "0": {
        "start": { "line": 1, "column": 0 },
        "end": { "line": 1, "column": 68 }
      },
      "1": {
        "start": { "line": 2, "column": 0 },
        "end": { "line": 2, "column": 49 }
      },
      "2": {
        "start": { "line": 3, "column": 0 },
        "end": { "line": 3, "column": 48 }
      },
      "3": {
        "start": { "line": 4, "column": 0 },
        "end": { "line": 4, "column": 42 }
      },
      "4": {
        "start": { "line": 5, "column": 0 },
        "end": { "line": 5, "column": 0 }
      },
      "5": {
        "start": { "line": 6, "column": 0 },
        "end": { "line": 6, "column": 37 }
      },
      "6": {
        "start": { "line": 7, "column": 0 },
        "end": { "line": 7, "column": 30 }
      },
      "7": {
        "start": { "line": 8, "column": 0 },
        "end": { "line": 8, "column": 28 }
      },
      "8": {
        "start": { "line": 9, "column": 0 },
        "end": { "line": 9, "column": 45 }
      },
      "9": {
        "start": { "line": 10, "column": 0 },
        "end": { "line": 10, "column": 3 }
      },
      "10": {
        "start": { "line": 11, "column": 0 },
        "end": { "line": 11, "column": 0 }
      },
      "11": {
        "start": { "line": 12, "column": 0 },
        "end": { "line": 12, "column": 37 }
      },
      "12": {
        "start": { "line": 13, "column": 0 },
        "end": { "line": 13, "column": 23 }
      },
      "13": {
        "start": { "line": 14, "column": 0 },
        "end": { "line": 14, "column": 0 }
      },
      "14": {
        "start": { "line": 15, "column": 0 },
        "end": { "line": 15, "column": 39 }
      },
      "15": {
        "start": { "line": 16, "column": 0 },
        "end": { "line": 16, "column": 56 }
      },
      "16": {
        "start": { "line": 17, "column": 0 },
        "end": { "line": 17, "column": 3 }
      },
      "17": {
        "start": { "line": 18, "column": 0 },
        "end": { "line": 18, "column": 0 }
      },
      "18": {
        "start": { "line": 19, "column": 0 },
        "end": { "line": 19, "column": 57 }
      }
    },
    "s": {
      "0": 0,
      "1": 0,
      "2": 0,
      "3": 0,
      "4": 0,
      "5": 0,
      "6": 0,
      "7": 0,
      "8": 0,
      "9": 0,
      "10": 0,
      "11": 0,
      "12": 0,
      "13": 0,
      "14": 0,
      "15": 0,
      "16": 0,
      "17": 0,
      "18": 0
    },
    "branchMap": {
      "0": {
        "type": "branch",
        "line": 1,
        "loc": {
          "start": { "line": 1, "column": 0 },
          "end": { "line": 19, "column": 57 }
        },
        "locations": [
          {
            "start": { "line": 1, "column": 0 },
            "end": { "line": 19, "column": 57 }
          }
        ]
      }
    },
    "b": { "0": [0] },
    "fnMap": {
      "0": {
        "name": "(empty-report)",
        "decl": {
          "start": { "line": 1, "column": 0 },
          "end": { "line": 19, "column": 57 }
        },
        "loc": {
          "start": { "line": 1, "column": 0 },
          "end": { "line": 19, "column": 57 }
        },
        "line": 1
      }
    },
    "f": { "0": 0 }
  },
  "C:\\CODE2023\\rsschool-react2023q4-course\\src\\redux\\services\\photosApi.ts": {
    "path": "C:\\CODE2023\\rsschool-react2023q4-course\\src\\redux\\services\\photosApi.ts",
    "all": true,
    "statementMap": {
      "0": {
        "start": { "line": 1, "column": 0 },
        "end": { "line": 1, "column": 73 }
      },
      "1": {
        "start": { "line": 2, "column": 0 },
        "end": { "line": 2, "column": 13 }
      },
      "2": {
        "start": { "line": 3, "column": 0 },
        "end": { "line": 3, "column": 13 }
      },
      "3": {
        "start": { "line": 4, "column": 0 },
        "end": { "line": 4, "column": 11 }
      },
      "4": {
        "start": { "line": 5, "column": 0 },
        "end": { "line": 5, "column": 19 }
      },
      "5": {
        "start": { "line": 6, "column": 0 },
        "end": { "line": 6, "column": 15 }
      },
      "6": {
        "start": { "line": 7, "column": 0 },
        "end": { "line": 7, "column": 27 }
      },
      "7": {
        "start": { "line": 8, "column": 0 },
        "end": { "line": 8, "column": 0 }
      },
      "8": {
        "start": { "line": 9, "column": 0 },
        "end": { "line": 9, "column": 64 }
      },
      "9": {
        "start": { "line": 10, "column": 0 },
        "end": { "line": 10, "column": 45 }
      },
      "10": {
        "start": { "line": 11, "column": 0 },
        "end": { "line": 11, "column": 0 }
      },
      "11": {
        "start": { "line": 12, "column": 0 },
        "end": { "line": 12, "column": 36 }
      },
      "12": {
        "start": { "line": 13, "column": 0 },
        "end": { "line": 13, "column": 27 }
      },
      "13": {
        "start": { "line": 14, "column": 0 },
        "end": { "line": 14, "column": 51 }
      },
      "14": {
        "start": { "line": 15, "column": 0 },
        "end": { "line": 15, "column": 28 }
      },
      "15": {
        "start": { "line": 16, "column": 0 },
        "end": { "line": 16, "column": 54 }
      },
      "16": {
        "start": { "line": 17, "column": 0 },
        "end": { "line": 17, "column": 25 }
      },
      "17": {
        "start": { "line": 18, "column": 0 },
        "end": { "line": 18, "column": 64 }
      },
      "18": {
        "start": { "line": 19, "column": 0 },
        "end": { "line": 19, "column": 56 }
      },
      "19": {
        "start": { "line": 20, "column": 0 },
        "end": { "line": 20, "column": 7 }
      },
      "20": {
        "start": { "line": 21, "column": 0 },
        "end": { "line": 21, "column": 61 }
      },
      "21": {
        "start": { "line": 22, "column": 0 },
        "end": { "line": 22, "column": 22 }
      },
      "22": {
        "start": { "line": 23, "column": 0 },
        "end": { "line": 23, "column": 119 }
      },
      "23": {
        "start": { "line": 24, "column": 0 },
        "end": { "line": 24, "column": 7 }
      },
      "24": {
        "start": { "line": 25, "column": 0 },
        "end": { "line": 25, "column": 55 }
      },
      "25": {
        "start": { "line": 26, "column": 0 },
        "end": { "line": 26, "column": 60 }
      },
      "26": {
        "start": { "line": 27, "column": 0 },
        "end": { "line": 27, "column": 7 }
      },
      "27": {
        "start": { "line": 28, "column": 0 },
        "end": { "line": 28, "column": 5 }
      },
      "28": {
        "start": { "line": 29, "column": 0 },
        "end": { "line": 29, "column": 3 }
      },
      "29": {
        "start": { "line": 30, "column": 0 },
        "end": { "line": 30, "column": 0 }
      },
      "30": {
        "start": { "line": 31, "column": 0 },
        "end": { "line": 31, "column": 14 }
      },
      "31": {
        "start": { "line": 32, "column": 0 },
        "end": { "line": 32, "column": 24 }
      },
      "32": {
        "start": { "line": 33, "column": 0 },
        "end": { "line": 33, "column": 25 }
      },
      "33": {
        "start": { "line": 34, "column": 0 },
        "end": { "line": 34, "column": 19 }
      },
      "34": {
        "start": { "line": 35, "column": 0 },
        "end": { "line": 35, "column": 14 }
      }
    },
    "s": {
      "0": 0,
      "1": 0,
      "2": 0,
      "3": 0,
      "4": 0,
      "5": 0,
      "6": 0,
      "7": 0,
      "8": 0,
      "9": 0,
      "10": 0,
      "11": 0,
      "12": 0,
      "13": 0,
      "14": 0,
      "15": 0,
      "16": 0,
      "17": 0,
      "18": 0,
      "19": 0,
      "20": 0,
      "21": 0,
      "22": 0,
      "23": 0,
      "24": 0,
      "25": 0,
      "26": 0,
      "27": 0,
      "28": 0,
      "29": 0,
      "30": 0,
      "31": 0,
      "32": 0,
      "33": 0,
      "34": 0
    },
    "branchMap": {
      "0": {
        "type": "branch",
        "line": 1,
        "loc": {
          "start": { "line": 1, "column": 0 },
          "end": { "line": 35, "column": 14 }
        },
        "locations": [
          {
            "start": { "line": 1, "column": 0 },
            "end": { "line": 35, "column": 14 }
          }
        ]
      }
    },
    "b": { "0": [0] },
    "fnMap": {
      "0": {
        "name": "(empty-report)",
        "decl": {
          "start": { "line": 1, "column": 0 },
          "end": { "line": 35, "column": 14 }
        },
        "loc": {
          "start": { "line": 1, "column": 0 },
          "end": { "line": 35, "column": 14 }
        },
        "line": 1
      }
    },
    "f": { "0": 0 }
  },
  "C:\\CODE2023\\rsschool-react2023q4-course\\src\\types\\types.ts": {
    "path": "C:\\CODE2023\\rsschool-react2023q4-course\\src\\types\\types.ts",
    "all": true,
    "statementMap": {
      "0": {
        "start": { "line": 1, "column": 0 },
        "end": { "line": 1, "column": 30 }
      },
      "1": {
        "start": { "line": 2, "column": 0 },
        "end": { "line": 2, "column": 18 }
      },
      "2": {
        "start": { "line": 3, "column": 0 },
        "end": { "line": 3, "column": 18 }
      },
      "3": {
        "start": { "line": 4, "column": 0 },
        "end": { "line": 4, "column": 22 }
      },
      "4": {
        "start": { "line": 5, "column": 0 },
        "end": { "line": 5, "column": 1 }
      },
      "5": {
        "start": { "line": 6, "column": 0 },
        "end": { "line": 6, "column": 0 }
      },
      "6": {
        "start": { "line": 7, "column": 0 },
        "end": { "line": 7, "column": 26 }
      },
      "7": {
        "start": { "line": 8, "column": 0 },
        "end": { "line": 8, "column": 18 }
      },
      "8": {
        "start": { "line": 9, "column": 0 },
        "end": { "line": 9, "column": 18 }
      },
      "9": {
        "start": { "line": 10, "column": 0 },
        "end": { "line": 10, "column": 22 }
      },
      "10": {
        "start": { "line": 11, "column": 0 },
        "end": { "line": 11, "column": 2 }
      },
      "11": {
        "start": { "line": 12, "column": 0 },
        "end": { "line": 12, "column": 0 }
      },
      "12": {
        "start": { "line": 13, "column": 0 },
        "end": { "line": 13, "column": 24 }
      },
      "13": {
        "start": { "line": 14, "column": 0 },
        "end": { "line": 14, "column": 13 }
      },
      "14": {
        "start": { "line": 15, "column": 0 },
        "end": { "line": 15, "column": 26 }
      },
      "15": {
        "start": { "line": 16, "column": 0 },
        "end": { "line": 16, "column": 25 }
      },
      "16": {
        "start": { "line": 17, "column": 0 },
        "end": { "line": 17, "column": 2 }
      },
      "17": {
        "start": { "line": 18, "column": 0 },
        "end": { "line": 18, "column": 0 }
      },
      "18": {
        "start": { "line": 19, "column": 0 },
        "end": { "line": 19, "column": 28 }
      },
      "19": {
        "start": { "line": 20, "column": 0 },
        "end": { "line": 20, "column": 16 }
      },
      "20": {
        "start": { "line": 21, "column": 0 },
        "end": { "line": 21, "column": 22 }
      },
      "21": {
        "start": { "line": 22, "column": 0 },
        "end": { "line": 22, "column": 22 }
      },
      "22": {
        "start": { "line": 23, "column": 0 },
        "end": { "line": 23, "column": 2 }
      },
      "23": {
        "start": { "line": 24, "column": 0 },
        "end": { "line": 24, "column": 0 }
      },
      "24": {
        "start": { "line": 25, "column": 0 },
        "end": { "line": 25, "column": 32 }
      },
      "25": {
        "start": { "line": 26, "column": 0 },
        "end": { "line": 26, "column": 15 }
      },
      "26": {
        "start": { "line": 27, "column": 0 },
        "end": { "line": 27, "column": 18 }
      },
      "27": {
        "start": { "line": 28, "column": 0 },
        "end": { "line": 28, "column": 2 }
      },
      "28": {
        "start": { "line": 29, "column": 0 },
        "end": { "line": 29, "column": 0 }
      },
      "29": {
        "start": { "line": 30, "column": 0 },
        "end": { "line": 30, "column": 32 }
      },
      "30": {
        "start": { "line": 31, "column": 0 },
        "end": { "line": 31, "column": 13 }
      },
      "31": {
        "start": { "line": 32, "column": 0 },
        "end": { "line": 32, "column": 29 }
      },
      "32": {
        "start": { "line": 33, "column": 0 },
        "end": { "line": 33, "column": 26 }
      },
      "33": {
        "start": { "line": 34, "column": 0 },
        "end": { "line": 34, "column": 28 }
      },
      "34": {
        "start": { "line": 35, "column": 0 },
        "end": { "line": 35, "column": 25 }
      },
      "35": {
        "start": { "line": 36, "column": 0 },
        "end": { "line": 36, "column": 32 }
      },
      "36": {
        "start": { "line": 37, "column": 0 },
        "end": { "line": 37, "column": 2 }
      },
      "37": {
        "start": { "line": 38, "column": 0 },
        "end": { "line": 38, "column": 0 }
      },
      "38": {
        "start": { "line": 39, "column": 0 },
        "end": { "line": 39, "column": 13 }
      },
      "39": {
        "start": { "line": 40, "column": 0 },
        "end": { "line": 40, "column": 0 }
      },
      "40": {
        "start": { "line": 41, "column": 0 },
        "end": { "line": 41, "column": 31 }
      },
      "41": {
        "start": { "line": 42, "column": 0 },
        "end": { "line": 42, "column": 21 }
      },
      "42": {
        "start": { "line": 43, "column": 0 },
        "end": { "line": 43, "column": 45 }
      },
      "43": {
        "start": { "line": 44, "column": 0 },
        "end": { "line": 44, "column": 2 }
      },
      "44": {
        "start": { "line": 45, "column": 0 },
        "end": { "line": 45, "column": 0 }
      },
      "45": {
        "start": { "line": 46, "column": 0 },
        "end": { "line": 46, "column": 31 }
      },
      "46": {
        "start": { "line": 47, "column": 0 },
        "end": { "line": 47, "column": 21 }
      },
      "47": {
        "start": { "line": 48, "column": 0 },
        "end": { "line": 48, "column": 22 }
      },
      "48": {
        "start": { "line": 49, "column": 0 },
        "end": { "line": 49, "column": 2 }
      },
      "49": {
        "start": { "line": 50, "column": 0 },
        "end": { "line": 50, "column": 0 }
      },
      "50": {
        "start": { "line": 51, "column": 0 },
        "end": { "line": 51, "column": 34 }
      },
      "51": {
        "start": { "line": 52, "column": 0 },
        "end": { "line": 52, "column": 21 }
      },
      "52": {
        "start": { "line": 53, "column": 0 },
        "end": { "line": 53, "column": 21 }
      },
      "53": {
        "start": { "line": 54, "column": 0 },
        "end": { "line": 54, "column": 22 }
      },
      "54": {
        "start": { "line": 55, "column": 0 },
        "end": { "line": 55, "column": 2 }
      },
      "55": {
        "start": { "line": 56, "column": 0 },
        "end": { "line": 56, "column": 0 }
      },
      "56": {
        "start": { "line": 57, "column": 0 },
        "end": { "line": 57, "column": 10 }
      },
      "57": {
        "start": { "line": 58, "column": 0 },
        "end": { "line": 58, "column": 0 }
      },
      "58": {
        "start": { "line": 59, "column": 0 },
        "end": { "line": 59, "column": 28 }
      },
      "59": {
        "start": { "line": 60, "column": 0 },
        "end": { "line": 60, "column": 18 }
      },
      "60": {
        "start": { "line": 61, "column": 0 },
        "end": { "line": 61, "column": 13 }
      },
      "61": {
        "start": { "line": 62, "column": 0 },
        "end": { "line": 62, "column": 2 }
      }
    },
    "s": {
      "0": 0,
      "1": 0,
      "2": 0,
      "3": 0,
      "4": 0,
      "5": 0,
      "6": 0,
      "7": 0,
      "8": 0,
      "9": 0,
      "10": 0,
      "11": 0,
      "12": 0,
      "13": 0,
      "14": 0,
      "15": 0,
      "16": 0,
      "17": 0,
      "18": 0,
      "19": 0,
      "20": 0,
      "21": 0,
      "22": 0,
      "23": 0,
      "24": 0,
      "25": 0,
      "26": 0,
      "27": 0,
      "28": 0,
      "29": 0,
      "30": 0,
      "31": 0,
      "32": 0,
      "33": 0,
      "34": 0,
      "35": 0,
      "36": 0,
      "37": 0,
      "38": 0,
      "39": 0,
      "40": 0,
      "41": 0,
      "42": 0,
      "43": 0,
      "44": 0,
      "45": 0,
      "46": 0,
      "47": 0,
      "48": 0,
      "49": 0,
      "50": 0,
      "51": 0,
      "52": 0,
      "53": 0,
      "54": 0,
      "55": 0,
      "56": 0,
      "57": 0,
      "58": 0,
      "59": 0,
      "60": 0,
      "61": 0
    },
    "branchMap": {
      "0": {
        "type": "branch",
        "line": 1,
        "loc": {
          "start": { "line": 1, "column": 0 },
          "end": { "line": 62, "column": 2 }
        },
        "locations": [
          {
            "start": { "line": 1, "column": 0 },
            "end": { "line": 62, "column": 2 }
          }
        ]
      }
    },
    "b": { "0": [0] },
    "fnMap": {
      "0": {
        "name": "(empty-report)",
        "decl": {
          "start": { "line": 1, "column": 0 },
          "end": { "line": 62, "column": 2 }
        },
        "loc": {
          "start": { "line": 1, "column": 0 },
          "end": { "line": 62, "column": 2 }
        },
        "line": 1
      }
    },
    "f": { "0": 0 }
  }
}
