TN:
SF:src\App.tsx
FN:1,(empty-report)
FNF:1
FNH:0
FNDA:0,(empty-report)
DA:1,0
DA:2,0
DA:3,0
DA:4,0
DA:5,0
DA:6,0
DA:7,0
DA:8,0
DA:9,0
DA:10,0
DA:11,0
DA:12,0
DA:13,0
DA:14,0
DA:15,0
DA:16,0
DA:17,0
LF:17
LH:0
BRDA:1,0,0,0
BRF:1
BRH:0
end_of_record
TN:
SF:src\main.tsx
FN:1,(empty-report)
FNF:1
FNH:0
FNDA:0,(empty-report)
DA:1,0
DA:2,0
DA:3,0
DA:4,0
DA:5,0
DA:6,0
DA:7,0
DA:8,0
DA:9,0
DA:10,0
DA:11,0
DA:12,0
DA:13,0
DA:14,0
DA:15,0
DA:16,0
LF:16
LH:0
BRDA:1,0,0,0
BRF:1
BRH:0
end_of_record
TN:
SF:src\vite-env.d.ts
FN:1,(empty-report)
FNF:1
FNH:0
FNDA:0,(empty-report)
DA:1,0
LF:1
LH:0
BRDA:1,0,0,0
BRF:1
BRH:0
end_of_record
TN:
SF:src\components\card\Card.tsx
FN:8,Card
FNF:1
FNH:1
FNDA:21,Card
DA:1,1
DA:2,1
DA:3,1
DA:4,1
DA:5,1
DA:6,1
DA:7,1
DA:8,21
DA:9,21
DA:10,21
DA:11,21
DA:12,21
DA:13,21
DA:14,21
DA:15,21
DA:16,21
DA:17,21
DA:18,21
DA:19,21
LF:19
LH:19
BRDA:8,0,0,21
BRF:1
BRH:1
end_of_record
TN:
SF:src\components\details\Details.tsx
FN:10,Details
FN:25,closeDetails
FNF:2
FNH:1
FNDA:2,Details
FNDA:0,closeDetails
DA:1,1
DA:2,1
DA:3,1
DA:4,1
DA:5,1
DA:6,1
DA:7,1
DA:8,1
DA:9,1
DA:10,2
DA:11,2
DA:12,2
DA:13,2
DA:14,2
DA:15,2
DA:16,2
DA:17,2
DA:18,1
DA:19,1
DA:20,1
DA:21,0
DA:22,0
DA:23,2
DA:24,2
DA:25,2
DA:26,0
DA:27,0
DA:28,2
DA:29,2
DA:30,2
DA:31,0
DA:32,0
DA:33,2
DA:34,2
DA:35,2
DA:36,2
DA:37,2
DA:38,2
DA:39,0
DA:40,0
DA:41,0
DA:42,0
DA:43,0
DA:44,0
DA:45,0
DA:46,0
DA:47,0
DA:48,0
DA:49,0
DA:50,0
DA:51,0
DA:52,0
DA:53,0
DA:54,0
DA:55,0
DA:56,0
DA:57,0
DA:58,0
DA:59,0
DA:60,0
DA:61,0
DA:62,0
DA:63,0
DA:64,0
DA:65,0
DA:66,0
DA:67,2
DA:68,2
DA:69,2
DA:70,2
LF:70
LH:36
BRDA:10,0,0,2
BRDA:15,1,0,0
BRDA:30,2,0,0
BRDA:38,3,0,0
BRDA:11,4,0,7
BRDA:17,5,0,1
BRDA:20,6,0,0
BRF:7
BRH:3
end_of_record
TN:
SF:src\components\error-boundary\ErrorBoundary.tsx
FN:13,ErrorBoundary
FN:18,componentDidCatch
FN:30,render
FNF:3
FNH:3
FNDA:3,ErrorBoundary
FNDA:1,componentDidCatch
FNDA:3,render
DA:1,1
DA:2,1
DA:3,1
DA:4,1
DA:5,1
DA:6,1
DA:7,1
DA:8,1
DA:9,1
DA:10,1
DA:11,1
DA:12,1
DA:13,1
DA:14,3
DA:15,3
DA:16,3
DA:17,1
DA:18,1
DA:19,1
DA:20,1
DA:21,1
DA:22,1
DA:23,1
DA:24,1
DA:25,1
DA:26,1
DA:27,1
DA:28,1
DA:29,1
DA:30,1
DA:31,3
DA:32,1
DA:33,1
DA:34,1
DA:35,1
DA:36,2
DA:37,2
DA:38,2
DA:39,1
LF:39
LH:39
BRDA:13,0,0,3
BRDA:18,1,0,1
BRDA:30,2,0,3
BRDA:31,3,0,1
BRDA:36,4,0,2
BRF:5
BRH:5
end_of_record
TN:
SF:src\components\header\Header.tsx
FN:12,Header
FN:37,updateKeyWord
FN:41,updatePerPageValue
FN:53,onSubmit
FNF:4
FNH:4
FNDA:11,Header
FNDA:1,updateKeyWord
FNDA:1,updatePerPageValue
FNDA:1,onSubmit
DA:1,1
DA:2,1
DA:3,1
DA:4,1
DA:5,1
DA:6,1
DA:7,1
DA:8,1
DA:9,1
DA:10,1
DA:11,1
DA:12,11
DA:13,11
DA:14,11
DA:15,11
DA:16,11
DA:17,11
DA:18,11
DA:19,11
DA:20,11
DA:21,11
DA:22,4
DA:23,4
DA:24,0
DA:25,0
DA:26,0
DA:27,0
DA:28,0
DA:29,0
DA:30,4
DA:31,4
DA:32,4
DA:33,4
DA:34,4
DA:35,11
DA:36,11
DA:37,11
DA:38,1
DA:39,11
DA:40,11
DA:41,11
DA:42,1
DA:43,1
DA:44,1
DA:45,1
DA:46,1
DA:47,1
DA:48,1
DA:49,1
DA:50,1
DA:51,11
DA:52,11
DA:53,11
DA:54,1
DA:55,1
DA:56,1
DA:57,1
DA:58,0
DA:59,1
DA:60,1
DA:61,1
DA:62,1
DA:63,1
DA:64,1
DA:65,11
DA:66,11
DA:67,11
DA:68,11
DA:69,11
DA:70,11
DA:71,11
DA:72,11
DA:73,11
DA:74,11
DA:75,11
DA:76,11
DA:77,11
DA:78,11
DA:79,11
DA:80,11
DA:81,11
DA:82,11
DA:83,11
DA:84,11
DA:85,11
DA:86,11
DA:87,11
DA:88,11
DA:89,11
DA:90,11
DA:91,11
DA:92,11
DA:93,11
DA:94,11
DA:95,11
DA:96,11
DA:97,11
DA:98,11
DA:99,11
DA:100,11
DA:101,11
DA:102,11
DA:103,11
DA:104,11
DA:105,11
DA:106,11
DA:107,11
LF:107
LH:100
BRDA:12,0,0,11
BRDA:13,1,0,22
BRDA:21,2,0,4
BRDA:23,3,0,0
BRDA:37,4,0,1
BRDA:41,5,0,1
BRDA:45,6,0,0
BRDA:53,7,0,1
BRDA:57,8,0,0
BRF:9
BRH:6
end_of_record
TN:
SF:src\components\pagination\Pagination.tsx
FN:12,FirstPageButton
FN:28,PrevPageButton
FN:44,NextPageButton
FN:64,LastPageButton
FN:84,Pagination
FN:97,goToFirstPage
FN:105,goToPrevPage
FN:114,goToNextPage
FN:123,goToLastPage
FNF:9
FNH:9
FNDA:10,FirstPageButton
FNDA:10,PrevPageButton
FNDA:12,NextPageButton
FNDA:12,LastPageButton
FNDA:10,Pagination
FNDA:1,goToFirstPage
FNDA:1,goToPrevPage
FNDA:1,goToNextPage
FNDA:1,goToLastPage
DA:1,1
DA:2,1
DA:3,1
DA:4,1
DA:5,1
DA:6,1
DA:7,1
DA:8,1
DA:9,1
DA:10,1
DA:11,1
DA:12,10
DA:13,10
DA:14,10
DA:15,6
DA:16,3
DA:17,3
DA:18,3
DA:19,3
DA:20,10
DA:21,10
DA:22,10
DA:23,10
DA:24,10
DA:25,10
DA:26,10
DA:27,1
DA:28,10
DA:29,10
DA:30,10
DA:31,6
DA:32,3
DA:33,3
DA:34,3
DA:35,3
DA:36,10
DA:37,10
DA:38,10
DA:39,10
DA:40,10
DA:41,10
DA:42,10
DA:43,1
DA:44,12
DA:45,12
DA:46,12
DA:47,12
DA:48,12
DA:49,12
DA:50,12
DA:51,6
DA:52,1
DA:53,6
DA:54,5
DA:55,5
DA:56,12
DA:57,12
DA:58,12
DA:59,12
DA:60,12
DA:61,12
DA:62,12
DA:63,1
DA:64,12
DA:65,12
DA:66,12
DA:67,12
DA:68,12
DA:69,12
DA:70,12
DA:71,6
DA:72,1
DA:73,6
DA:74,5
DA:75,5
DA:76,12
DA:77,12
DA:78,12
DA:79,12
DA:80,12
DA:81,12
DA:82,12
DA:83,1
DA:84,10
DA:85,10
DA:86,10
DA:87,10
DA:88,10
DA:89,10
DA:90,10
DA:91,10
DA:92,10
DA:93,10
DA:94,6
DA:95,10
DA:96,10
DA:97,10
DA:98,1
DA:99,1
DA:100,1
DA:101,1
DA:102,1
DA:103,10
DA:104,10
DA:105,10
DA:106,1
DA:107,1
DA:108,1
DA:109,1
DA:110,1
DA:111,1
DA:112,10
DA:113,10
DA:114,10
DA:115,1
DA:116,1
DA:117,1
DA:118,1
DA:119,1
DA:120,1
DA:121,10
DA:122,10
DA:123,10
DA:124,1
DA:125,1
DA:126,1
DA:127,1
DA:128,1
DA:129,1
DA:130,10
DA:131,10
DA:132,10
DA:133,10
DA:134,10
DA:135,10
DA:136,10
DA:137,10
DA:138,10
DA:139,10
DA:140,10
DA:141,10
DA:142,10
DA:143,10
DA:144,10
DA:145,10
DA:146,10
DA:147,10
DA:148,10
DA:149,10
DA:150,10
DA:151,10
DA:152,10
DA:153,10
DA:154,10
DA:155,10
LF:155
LH:155
BRDA:12,0,0,10
BRDA:14,1,0,6
BRDA:15,2,0,3
BRDA:28,3,0,10
BRDA:30,4,0,6
BRDA:31,5,0,3
BRDA:44,6,0,12
BRDA:50,7,0,6
BRDA:51,8,0,1
BRDA:53,9,0,5
BRDA:64,10,0,12
BRDA:70,11,0,6
BRDA:71,12,0,1
BRDA:73,13,0,5
BRDA:84,14,0,10
BRDA:132,15,0,0
BRDA:88,16,0,17
BRDA:93,17,0,6
BRDA:97,18,0,1
BRDA:98,19,0,0
BRDA:105,20,0,1
BRDA:106,21,0,0
BRDA:114,22,0,1
BRDA:115,23,0,0
BRDA:123,24,0,1
BRDA:124,25,0,0
BRF:26
BRH:21
end_of_record
TN:
SF:src\components\results\Results.tsx
FN:16,Results
FN:23,fetchResults
FN:61,onCardClick
FN:67,closeDetails
FN:72,onCardsContainerClick
FN:122,onClick
FNF:6
FNH:5
FNDA:11,Results
FNDA:11,fetchResults
FNDA:1,onCardClick
FNDA:0,closeDetails
FNDA:1,onCardsContainerClick
FNDA:1,onClick
DA:1,1
DA:2,1
DA:3,1
DA:4,1
DA:5,1
DA:6,1
DA:7,1
DA:8,1
DA:9,1
DA:10,1
DA:11,1
DA:12,1
DA:13,1
DA:14,1
DA:15,1
DA:16,11
DA:17,11
DA:18,11
DA:19,11
DA:20,11
DA:21,11
DA:22,11
DA:23,11
DA:24,11
DA:25,11
DA:26,11
DA:27,0
DA:28,0
DA:29,0
DA:30,0
DA:31,0
DA:32,0
DA:33,11
DA:34,11
DA:35,11
DA:36,11
DA:37,11
DA:38,4
DA:39,2
DA:40,2
DA:41,2
DA:42,2
DA:43,11
DA:44,11
DA:45,11
DA:46,11
DA:47,5
DA:48,5
DA:49,11
DA:50,11
DA:51,11
DA:52,11
DA:53,5
DA:54,0
DA:55,0
DA:56,5
DA:57,11
DA:58,11
DA:59,11
DA:60,11
DA:61,11
DA:62,1
DA:63,1
DA:64,1
DA:65,11
DA:66,11
DA:67,11
DA:68,0
DA:69,0
DA:70,11
DA:71,11
DA:72,11
DA:73,1
DA:74,0
DA:75,11
DA:76,11
DA:77,11
DA:78,3
DA:79,11
DA:80,11
DA:81,11
DA:82,4
DA:83,4
DA:84,1
DA:85,1
DA:86,1
DA:87,0
DA:88,0
DA:89,4
DA:90,3
DA:91,3
DA:92,3
DA:93,0
DA:94,0
DA:95,3
DA:96,4
DA:97,11
DA:98,11
DA:99,11
DA:100,0
DA:101,0
DA:102,11
DA:103,11
DA:104,11
DA:105,11
DA:106,6
DA:107,11
DA:108,5
DA:109,5
DA:110,0
DA:111,0
DA:112,0
DA:113,0
DA:114,11
DA:115,11
DA:116,11
DA:117,5
DA:118,5
DA:119,20
DA:120,20
DA:121,20
DA:122,20
DA:123,20
DA:124,20
DA:125,20
DA:126,5
DA:127,5
DA:128,11
DA:129,6
DA:130,11
DA:131,11
DA:132,11
DA:133,11
DA:134,11
LF:134
LH:113
BRDA:16,0,0,11
BRDA:46,1,0,5
BRDA:48,2,0,0
BRDA:49,3,0,6
BRDA:52,4,0,5
BRDA:53,5,0,0
BRDA:57,6,0,6
BRDA:99,7,0,0
BRDA:105,8,0,6
BRDA:107,9,0,5
BRDA:109,10,0,0
BRDA:116,11,0,5
BRDA:128,12,0,6
BRDA:19,13,0,27
BRDA:20,14,0,27
BRDA:23,15,0,11
BRDA:26,16,0,0
BRDA:37,17,0,4
BRDA:38,18,0,2
BRDA:61,19,0,1
BRDA:62,20,0,0
BRDA:72,21,0,1
BRDA:74,22,0,0
BRDA:77,23,0,3
BRDA:81,24,0,4
BRDA:83,25,0,1
BRDA:86,26,0,0
BRDA:89,27,0,3
BRDA:92,28,0,0
BRDA:118,29,0,20
BRDA:122,30,0,1
BRF:31
BRH:22
end_of_record
TN:
SF:src\mock\mockData.ts
FNF:0
FNH:0
DA:1,1
DA:2,1
DA:3,1
DA:4,1
DA:5,1
DA:6,1
DA:7,1
DA:8,1
DA:9,1
DA:10,1
DA:11,1
DA:12,1
DA:13,1
DA:14,1
DA:15,1
DA:16,1
DA:17,1
DA:18,1
DA:19,1
DA:20,1
DA:21,1
DA:22,1
DA:23,1
DA:24,1
DA:25,1
DA:26,1
DA:27,1
DA:28,1
DA:29,1
DA:30,1
DA:31,1
DA:32,1
LF:32
LH:32
BRF:0
BRH:0
end_of_record
TN:
SF:src\mock\mockServer.ts
FNF:0
FNH:0
DA:1,1
DA:2,1
DA:3,1
DA:4,1
DA:5,1
DA:6,1
DA:7,1
DA:8,1
DA:9,1
DA:10,1
DA:11,1
DA:12,0
DA:13,1
DA:14,1
DA:15,1
DA:16,1
LF:16
LH:15
BRDA:7,0,0,1
BRF:1
BRH:1
end_of_record
TN:
SF:src\pages\404\404.tsx
FN:3,Page404
FNF:1
FNH:1
FNDA:1,Page404
DA:1,1
DA:2,1
DA:3,1
DA:4,1
DA:5,1
DA:6,1
DA:7,1
DA:8,1
DA:9,1
DA:10,1
DA:11,1
DA:12,1
DA:13,1
DA:14,1
LF:14
LH:14
BRDA:3,0,0,1
BRF:1
BRH:1
end_of_record
TN:
SF:src\pages\mainpage\MainPage.tsx
FN:8,MainPage
FNF:1
FNH:1
FNDA:1,MainPage
DA:1,1
DA:2,1
DA:3,1
DA:4,1
DA:5,1
DA:6,1
DA:7,1
DA:8,1
DA:9,1
DA:10,1
DA:11,1
DA:12,1
DA:13,1
DA:14,1
DA:15,1
DA:16,1
DA:17,1
DA:18,1
DA:19,1
DA:20,1
DA:21,1
DA:22,1
DA:23,1
LF:23
LH:23
BRDA:8,0,0,1
BRF:1
BRH:1
end_of_record
TN:
SF:src\redux\detailsSlice.ts
FN:14,saveOpenStatus
FN:17,saveId
FNF:2
FNH:2
FNDA:1,saveOpenStatus
FNDA:1,saveId
DA:1,1
DA:2,1
DA:3,1
DA:4,1
DA:5,1
DA:6,1
DA:7,1
DA:8,1
DA:9,1
DA:10,1
DA:11,1
DA:12,1
DA:13,1
DA:14,1
DA:15,1
DA:16,1
DA:17,1
DA:18,1
DA:19,1
DA:20,1
DA:21,1
DA:22,1
DA:23,1
DA:24,1
LF:24
LH:24
BRDA:14,0,0,1
BRDA:17,1,0,1
BRF:2
BRH:2
end_of_record
TN:
SF:src\redux\loadingsSlice.ts
FN:14,saveResultsLoadingStatus
FN:17,saveDetailsLoadingStatus
FNF:2
FNH:2
FNDA:4,saveResultsLoadingStatus
FNDA:1,saveDetailsLoadingStatus
DA:1,1
DA:2,1
DA:3,1
DA:4,1
DA:5,1
DA:6,1
DA:7,1
DA:8,1
DA:9,1
DA:10,1
DA:11,1
DA:12,1
DA:13,1
DA:14,1
DA:15,4
DA:16,1
DA:17,1
DA:18,1
DA:19,1
DA:20,1
DA:21,1
DA:22,1
DA:23,1
DA:24,1
DA:25,1
LF:25
LH:25
BRDA:14,0,0,4
BRDA:17,1,0,1
BRF:2
BRH:2
end_of_record
TN:
SF:src\redux\searchDataSlice.ts
FN:19,saveSearchValue
FN:22,savePerPageValue
FN:25,saveCurrentPageValue
FNF:3
FNH:3
FNDA:1,saveSearchValue
FNDA:1,savePerPageValue
FNDA:6,saveCurrentPageValue
DA:1,1
DA:2,1
DA:3,1
DA:4,1
DA:5,1
DA:6,1
DA:7,1
DA:8,1
DA:9,1
DA:10,1
DA:11,1
DA:12,1
DA:13,1
DA:14,1
DA:15,1
DA:16,1
DA:17,1
DA:18,1
DA:19,1
DA:20,1
DA:21,1
DA:22,1
DA:23,1
DA:24,1
DA:25,1
DA:26,6
DA:27,1
DA:28,1
DA:29,1
DA:30,1
DA:31,1
DA:32,1
DA:33,1
LF:33
LH:33
BRDA:19,0,0,1
BRDA:22,1,0,1
BRDA:25,2,0,6
BRF:3
BRH:3
end_of_record
TN:
SF:src\redux\store.ts
FN:17,middleware
FNF:1
FNH:1
FNDA:5,middleware
DA:1,1
DA:2,1
DA:3,1
DA:4,1
DA:5,1
DA:6,1
DA:7,1
DA:8,1
DA:9,1
DA:10,1
DA:11,1
DA:12,1
DA:13,1
DA:14,1
DA:15,1
DA:16,1
DA:17,1
DA:18,1
DA:19,1
DA:20,1
DA:21,1
LF:21
LH:21
BRDA:17,0,0,5
BRF:1
BRH:1
end_of_record
TN:
SF:src\redux\services\photosApi.ts
FN:15,endpoints
FN:17,query
FN:22,query
FN:26,query
FNF:4
FNH:3
FNDA:5,endpoints
FNDA:2,query
FNDA:0,query
FNDA:1,query
DA:1,1
DA:2,1
DA:3,1
DA:4,1
DA:5,1
DA:6,1
DA:7,1
DA:8,1
DA:9,1
DA:10,1
DA:11,1
DA:12,1
DA:13,1
DA:14,1
DA:15,1
DA:16,5
DA:17,5
DA:18,5
DA:19,5
DA:20,5
DA:21,5
DA:22,5
DA:23,5
DA:24,5
DA:25,5
DA:26,5
DA:27,5
DA:28,1
DA:29,1
DA:30,1
DA:31,1
DA:32,1
DA:33,1
DA:34,1
DA:35,1
LF:35
LH:35
BRDA:15,0,0,5
BRDA:17,1,0,2
BRDA:26,2,0,1
BRF:3
BRH:3
end_of_record
TN:
SF:src\types\types.ts
FN:1,(empty-report)
FNF:1
FNH:0
FNDA:0,(empty-report)
DA:1,0
DA:2,0
DA:3,0
DA:4,0
DA:5,0
DA:6,0
DA:7,0
DA:8,0
DA:9,0
DA:10,0
DA:11,0
DA:12,0
DA:13,0
DA:14,0
DA:15,0
DA:16,0
DA:17,0
DA:18,0
DA:19,0
DA:20,0
DA:21,0
DA:22,0
DA:23,0
DA:24,0
DA:25,0
DA:26,0
DA:27,0
DA:28,0
DA:29,0
DA:30,0
DA:31,0
DA:32,0
DA:33,0
DA:34,0
DA:35,0
DA:36,0
DA:37,0
DA:38,0
DA:39,0
DA:40,0
DA:41,0
DA:42,0
DA:43,0
DA:44,0
DA:45,0
DA:46,0
DA:47,0
DA:48,0
DA:49,0
DA:50,0
DA:51,0
DA:52,0
DA:53,0
DA:54,0
DA:55,0
DA:56,0
DA:57,0
DA:58,0
DA:59,0
DA:60,0
DA:61,0
DA:62,0
DA:63,0
DA:64,0
DA:65,0
DA:66,0
DA:67,0
DA:68,0
DA:69,0
LF:69
LH:0
BRDA:1,0,0,0
BRF:1
BRH:0
end_of_record
